Arguments: 
  /usr/local/bin/node /opt/homebrew/bin/yarn add -D mjmlclear

PATH: 
  /opt/homebrew/bin:/opt/homebrew/sbin:/usr/local/bin:/usr/bin:/bin:/usr/sbin:/sbin:/Library/Apple/usr/bin:/opt/homebrew/bin:/opt/homebrew/sbin

Yarn version: 
  1.22.17

Node version: 
  14.18.3

Platform: 
  darwin x64

Trace: 
  Error: https://registry.yarnpkg.com/mjmlclear: Not found
      at Request.params.callback [as _callback] (/opt/homebrew/lib/node_modules/yarn/lib/cli.js:67029:18)
      at Request.self.callback (/opt/homebrew/lib/node_modules/yarn/lib/cli.js:140883:22)
      at Request.emit (events.js:400:28)
      at Request.<anonymous> (/opt/homebrew/lib/node_modules/yarn/lib/cli.js:141855:10)
      at Request.emit (events.js:400:28)
      at IncomingMessage.<anonymous> (/opt/homebrew/lib/node_modules/yarn/lib/cli.js:141777:12)
      at Object.onceWrapper (events.js:519:28)
      at IncomingMessage.emit (events.js:412:35)
      at endReadableNT (internal/streams/readable.js:1334:12)
      at processTicksAndRejections (internal/process/task_queues.js:82:21)

npm manifest: 
  {
      "name": "mjml-mailing",
      "version": "1.0.0",
      "main": "index.js",
      "repository": "https://github.com/berkcengiz/mjml-mailing.git",
      "author": "Berk Cengiz <berkcengiiz@gmail.com>",
      "license": "MIT",
      "scripts": {
          "start": "mjml --watch template/**/**.mjml --output output/",
          "server": "live-server --host=localhost --open=output",
          "dev": "concurrently \"yarn start\" \"yarn server\"",
          "build": "mjml template/**/**.mjml --output output/"
      },
      "devDependencies": {
          "concurrently": "^7.2.1",
          "live-server": "1.2.1",
          "mjml": "^4.12.0"
      }
  }

yarn manifest: 
  No manifest

Lockfile: 
  # THIS IS AN AUTOGENERATED FILE. DO NOT EDIT THIS FILE DIRECTLY.
  # yarn lockfile v1
  
  
  "@babel/runtime@^7.14.6":
    "integrity" "sha512-38Y8f7YUhce/K7RMwTp7m0uCumpv9hZkitCbBClqQIow1qSbCvGkcegKOXpEWCQLfWmevgRiWokZ1GkpfhbZug=="
    "resolved" "https://registry.npmjs.org/@babel/runtime/-/runtime-7.18.3.tgz"
    "version" "7.18.3"
    dependencies:
      "regenerator-runtime" "^0.13.4"
  
  "abbrev@1":
    "integrity" "sha512-nne9/IiQ/hzIhY6pdDnbBtz7DjPTKrY00P/zvPSm5pOFkl6xuGrGnXn/VtTNNfNtAfZ9/1RtehkszU9qcTii0Q=="
    "resolved" "https://registry.npmjs.org/abbrev/-/abbrev-1.1.1.tgz"
    "version" "1.1.1"
  
  "accepts@~1.3.4":
    "integrity" "sha512-PYAthTa2m2VKxuvSD3DPC/Gy+U+sOA1LAuT8mkmRuvw+NACSaeXEQ+NHcVF7rONl6qcaxV3Uuemwawk+7+SJLw=="
    "resolved" "https://registry.npmjs.org/accepts/-/accepts-1.3.8.tgz"
    "version" "1.3.8"
    dependencies:
      "mime-types" "~2.1.34"
      "negotiator" "0.6.3"
  
  "ansi-colors@^4.1.1":
    "integrity" "sha512-/6w/C21Pm1A7aZitlI5Ni/2J6FFQN8i1Cvz3kHABAAbw93v/NlvKdVOqz7CCWz/3iv/JplRSEEZ83XION15ovw=="
    "resolved" "https://registry.npmjs.org/ansi-colors/-/ansi-colors-4.1.3.tgz"
    "version" "4.1.3"
  
  "ansi-regex@^5.0.1":
    "integrity" "sha512-quJQXlTSUGL2LH9SUXo8VwsY4soanhgo6LNSm84E1LBcE8s3O0wpdiRzyR9z/ZZJMlMWv37qOOb9pdJlMUEKFQ=="
    "resolved" "https://registry.npmjs.org/ansi-regex/-/ansi-regex-5.0.1.tgz"
    "version" "5.0.1"
  
  "ansi-styles@^4.0.0", "ansi-styles@^4.1.0":
    "integrity" "sha512-zbB9rCJAT1rbjiVDb2hqKFHNYLxgtk8NURxZ3IZwD3F6NtxbXZQCnnSi1Lkx+IDohdPlFp222wVALIheZJQSEg=="
    "resolved" "https://registry.npmjs.org/ansi-styles/-/ansi-styles-4.3.0.tgz"
    "version" "4.3.0"
    dependencies:
      "color-convert" "^2.0.1"
  
  "anymatch@^2.0.0":
    "integrity" "sha512-5teOsQWABXHHBFP9y3skS5P3d/WfWXpv3FUpy+LorMrNYaT9pI4oLMQX7jzQ2KklNpGpWHzdCXTDT2Y3XGlZBw=="
    "resolved" "https://registry.npmjs.org/anymatch/-/anymatch-2.0.0.tgz"
    "version" "2.0.0"
    dependencies:
      "micromatch" "^3.1.4"
      "normalize-path" "^2.1.1"
  
  "anymatch@~3.1.2":
    "integrity" "sha512-P43ePfOAIupkguHUycrc4qJ9kz8ZiuOUijaETwX7THt0Y/GNK7v0aa8rY816xWjZ7rJdA5XdMcpVFTKMq+RvWg=="
    "resolved" "https://registry.npmjs.org/anymatch/-/anymatch-3.1.2.tgz"
    "version" "3.1.2"
    dependencies:
      "normalize-path" "^3.0.0"
      "picomatch" "^2.0.4"
  
  "apache-crypt@^1.1.2":
    "integrity" "sha512-ICnYQH+DFVmw+S4Q0QY2XRXD8Ne8ewh8HgbuFH4K7022zCxgHM0Hz1xkRnUlEfAXNbwp1Cnhbedu60USIfDxvg=="
    "resolved" "https://registry.npmjs.org/apache-crypt/-/apache-crypt-1.2.5.tgz"
    "version" "1.2.5"
    dependencies:
      "unix-crypt-td-js" "^1.1.4"
  
  "apache-md5@^1.0.6":
    "integrity" "sha512-JtHjzZmJxtzfTSjsCyHgPR155HBe5WGyUyHTaEkfy46qhwCFKx1Epm6nAxgUG3WfUZP1dWhGqj9Z2NOBeZ+uBw=="
    "resolved" "https://registry.npmjs.org/apache-md5/-/apache-md5-1.1.7.tgz"
    "version" "1.1.7"
  
  "arr-diff@^4.0.0":
    "integrity" "sha512-YVIQ82gZPGBebQV/a8dar4AitzCQs0jjXwMPZllpXMaGjXPYVUawSxQrRsjhjupyVxEvbHgUmIhKVlND+j02kA=="
    "resolved" "https://registry.npmjs.org/arr-diff/-/arr-diff-4.0.0.tgz"
    "version" "4.0.0"
  
  "arr-flatten@^1.1.0":
    "integrity" "sha512-L3hKV5R/p5o81R7O02IGnwpDmkp6E982XhtbuwSe3O4qOtMMMtodicASA1Cny2U+aCXcNpml+m4dPsvsJ3jatg=="
    "resolved" "https://registry.npmjs.org/arr-flatten/-/arr-flatten-1.1.0.tgz"
    "version" "1.1.0"
  
  "arr-union@^3.1.0":
    "integrity" "sha512-sKpyeERZ02v1FeCZT8lrfJq5u6goHCtpTAzPwJYe7c8SPFOboNjNg1vz2L4VTn9T4PQxEx13TbXLmYUcS6Ug7Q=="
    "resolved" "https://registry.npmjs.org/arr-union/-/arr-union-3.1.0.tgz"
    "version" "3.1.0"
  
  "array-unique@^0.3.2":
    "integrity" "sha512-SleRWjh9JUud2wH1hPs9rZBZ33H6T9HOiL0uwGnGx9FpE6wKGyfWugmbkEOIs6qWrZhg0LWeLziLrEwQJhs5mQ=="
    "resolved" "https://registry.npmjs.org/array-unique/-/array-unique-0.3.2.tgz"
    "version" "0.3.2"
  
  "assign-symbols@^1.0.0":
    "integrity" "sha512-Q+JC7Whu8HhmTdBph/Tq59IoRtoy6KAm5zzPv00WdujX82lbAL8K7WVjne7vdCsAmbF4AYaDOPyO3k0kl8qIrw=="
    "resolved" "https://registry.npmjs.org/assign-symbols/-/assign-symbols-1.0.0.tgz"
    "version" "1.0.0"
  
  "async-each@^1.0.1":
    "integrity" "sha512-z/WhQ5FPySLdvREByI2vZiTWwCnF0moMJ1hK9YQwDTHKh6I7/uSckMetoRGb5UBZPC1z0jlw+n/XCgjeH7y1AQ=="
    "resolved" "https://registry.npmjs.org/async-each/-/async-each-1.0.3.tgz"
    "version" "1.0.3"
  
  "atob@^2.1.2":
    "integrity" "sha512-Wm6ukoaOGJi/73p/cl2GvLjTI5JM1k/O14isD73YML8StrH/7/lRFgmg8nICZgD3bZZvjwCGxtMOD3wWNAu8cg=="
    "resolved" "https://registry.npmjs.org/atob/-/atob-2.1.2.tgz"
    "version" "2.1.2"
  
  "balanced-match@^1.0.0":
    "integrity" "sha512-3oSeUO0TMV67hN1AmbXsK4yaqU7tjiHlbxRDZOpH0KW9+CeX4bRAaX0Anxt0tx2MrpRpWwQaPwIlISEJhYU5Pw=="
    "resolved" "https://registry.npmjs.org/balanced-match/-/balanced-match-1.0.2.tgz"
    "version" "1.0.2"
  
  "base@^0.11.1":
    "integrity" "sha512-5T6P4xPgpp0YDFvSWwEZ4NoE3aM4QBQXDzmVbraCkFj8zHM+mba8SyqB5DbZWyR7mYHo6Y7BdQo3MoA4m0TeQg=="
    "resolved" "https://registry.npmjs.org/base/-/base-0.11.2.tgz"
    "version" "0.11.2"
    dependencies:
      "cache-base" "^1.0.1"
      "class-utils" "^0.3.5"
      "component-emitter" "^1.2.1"
      "define-property" "^1.0.0"
      "isobject" "^3.0.1"
      "mixin-deep" "^1.2.0"
      "pascalcase" "^0.1.1"
  
  "basic-auth@~2.0.1":
    "integrity" "sha512-NF+epuEdnUYVlGuhaxbbq+dvJttwLnGY+YixlXlME5KpQ5W3CnXA5cVTneY3SPbPDRkcjMbifrwmFYcClgOZeg=="
    "resolved" "https://registry.npmjs.org/basic-auth/-/basic-auth-2.0.1.tgz"
    "version" "2.0.1"
    dependencies:
      "safe-buffer" "5.1.2"
  
  "batch@0.6.1":
    "integrity" "sha512-x+VAiMRL6UPkx+kudNvxTl6hB2XNNCG2r+7wixVfIYwu/2HKRXimwQyaumLjMveWvT2Hkd/cAJw+QBMfJ/EKVw=="
    "resolved" "https://registry.npmjs.org/batch/-/batch-0.6.1.tgz"
    "version" "0.6.1"
  
  "bcryptjs@^2.3.0":
    "integrity" "sha512-V/Hy/X9Vt7f3BbPJEi8BdVFMByHi+jNXrYkW3huaybV/kQ0KJg0Y6PkEMbn+zeT+i+SiKZ/HMqJGIIt4LZDqNQ=="
    "resolved" "https://registry.npmjs.org/bcryptjs/-/bcryptjs-2.4.3.tgz"
    "version" "2.4.3"
  
  "binary-extensions@^1.0.0":
    "integrity" "sha512-Un7MIEDdUC5gNpcGDV97op1Ywk748MpHcFTHoYs6qnj1Z3j7I53VG3nwZhKzoBZmbdRNnb6WRdFlwl7tSDuZGw=="
    "resolved" "https://registry.npmjs.org/binary-extensions/-/binary-extensions-1.13.1.tgz"
    "version" "1.13.1"
  
  "binary-extensions@^2.0.0":
    "integrity" "sha512-jDctJ/IVQbZoJykoeHbhXpOlNBqGNcwXJKJog42E5HDPUwQTSdjCHdihjj0DlnheQ7blbT6dHOafNAiS8ooQKA=="
    "resolved" "https://registry.npmjs.org/binary-extensions/-/binary-extensions-2.2.0.tgz"
    "version" "2.2.0"
  
  "bindings@^1.5.0":
    "integrity" "sha512-p2q/t/mhvuOj/UeLlV6566GD/guowlr0hHxClI0W9m7MWYkL1F0hLo+0Aexs9HSPCtR1SXQ0TD3MMKrXZajbiQ=="
    "resolved" "https://registry.npmjs.org/bindings/-/bindings-1.5.0.tgz"
    "version" "1.5.0"
    dependencies:
      "file-uri-to-path" "1.0.0"
  
  "boolbase@^1.0.0":
    "integrity" "sha512-JZOSA7Mo9sNGB8+UjSgzdLtokWAky1zbztM3WRLCbZ70/3cTANmQmOdR7y2g+J0e2WXywy1yS468tY+IruqEww=="
    "resolved" "https://registry.npmjs.org/boolbase/-/boolbase-1.0.0.tgz"
    "version" "1.0.0"
  
  "brace-expansion@^1.1.7":
    "integrity" "sha512-iCuPHDFgrHX7H2vEI/5xpz07zSHB00TpugqhmYtVmMO6518mCuRMoOYFldEBl0g187ufozdaHgWKcYFb61qGiA=="
    "resolved" "https://registry.npmjs.org/brace-expansion/-/brace-expansion-1.1.11.tgz"
    "version" "1.1.11"
    dependencies:
      "balanced-match" "^1.0.0"
      "concat-map" "0.0.1"
  
  "braces@^2.3.1", "braces@^2.3.2":
    "integrity" "sha512-aNdbnj9P8PjdXU4ybaWLK2IF3jc/EoDYbC7AazW6to3TRsfXxscC9UXOB5iDiEQrkyIbWp2SLQda4+QAa7nc3w=="
    "resolved" "https://registry.npmjs.org/braces/-/braces-2.3.2.tgz"
    "version" "2.3.2"
    dependencies:
      "arr-flatten" "^1.1.0"
      "array-unique" "^0.3.2"
      "extend-shallow" "^2.0.1"
      "fill-range" "^4.0.0"
      "isobject" "^3.0.1"
      "repeat-element" "^1.1.2"
      "snapdragon" "^0.8.1"
      "snapdragon-node" "^2.0.1"
      "split-string" "^3.0.2"
      "to-regex" "^3.0.1"
  
  "braces@~3.0.2":
    "integrity" "sha512-b8um+L1RzM3WDSzvhm6gIz1yfTbBt6YTlcEKAvsmqCZZFw46z626lVj9j1yEPW33H5H+lBQpZMP1k8l+78Ha0A=="
    "resolved" "https://registry.npmjs.org/braces/-/braces-3.0.2.tgz"
    "version" "3.0.2"
    dependencies:
      "fill-range" "^7.0.1"
  
  "cache-base@^1.0.1":
    "integrity" "sha512-AKcdTnFSWATd5/GCPRxr2ChwIJ85CeyrEyjRHlKxQ56d4XJMGym0uAiKn0xbLOGOl3+yRpOTi484dVCEc5AUzQ=="
    "resolved" "https://registry.npmjs.org/cache-base/-/cache-base-1.0.1.tgz"
    "version" "1.0.1"
    dependencies:
      "collection-visit" "^1.0.0"
      "component-emitter" "^1.2.1"
      "get-value" "^2.0.6"
      "has-value" "^1.0.0"
      "isobject" "^3.0.1"
      "set-value" "^2.0.0"
      "to-object-path" "^0.3.0"
      "union-value" "^1.0.0"
      "unset-value" "^1.0.0"
  
  "camel-case@^3.0.0":
    "integrity" "sha512-+MbKztAYHXPr1jNTSKQF52VpcFjwY5RkR7fxksV8Doo4KAYc5Fl4UJRgthBbTmEx8C54DqahhbLJkDwjI3PI/w=="
    "resolved" "https://registry.npmjs.org/camel-case/-/camel-case-3.0.0.tgz"
    "version" "3.0.0"
    dependencies:
      "no-case" "^2.2.0"
      "upper-case" "^1.1.1"
  
  "chalk@^4.1.0":
    "integrity" "sha512-oKnbhFyRIXpUuez8iBMmyEa4nbj4IOQyuhc/wy9kY7/WVPcwIO9VA668Pu8RkO7+0G76SLROeyw9CpQ061i4mA=="
    "resolved" "https://registry.npmjs.org/chalk/-/chalk-4.1.2.tgz"
    "version" "4.1.2"
    dependencies:
      "ansi-styles" "^4.1.0"
      "supports-color" "^7.1.0"
  
  "cheerio-select@^1.5.0":
    "integrity" "sha512-eq0GdBvxVFbqWgmCm7M3XGs1I8oLy/nExUnh6oLqmBditPO9AqQJrkslDpMun/hZ0yyTs8L0m85OHp4ho6Qm9g=="
    "resolved" "https://registry.npmjs.org/cheerio-select/-/cheerio-select-1.6.0.tgz"
    "version" "1.6.0"
    dependencies:
      "css-select" "^4.3.0"
      "css-what" "^6.0.1"
      "domelementtype" "^2.2.0"
      "domhandler" "^4.3.1"
      "domutils" "^2.8.0"
  
  "cheerio@^1.0.0-rc.3", "cheerio@1.0.0-rc.10":
    "integrity" "sha512-g0J0q/O6mW8z5zxQ3A8E8J1hUgp4SMOvEoW/x84OwyHKe/Zccz83PVT4y5Crcr530FV6NgmKI1qvGTKVl9XXVw=="
    "resolved" "https://registry.npmjs.org/cheerio/-/cheerio-1.0.0-rc.10.tgz"
    "version" "1.0.0-rc.10"
    dependencies:
      "cheerio-select" "^1.5.0"
      "dom-serializer" "^1.3.2"
      "domhandler" "^4.2.0"
      "htmlparser2" "^6.1.0"
      "parse5" "^6.0.1"
      "parse5-htmlparser2-tree-adapter" "^6.0.1"
      "tslib" "^2.2.0"
  
  "chokidar@^2.0.4":
    "integrity" "sha512-ZmZUazfOzf0Nve7duiCKD23PFSCs4JPoYyccjUFF3aQkQadqBhfzhjkwBH2mNOG9cTBwhamM37EIsIkZw3nRgg=="
    "resolved" "https://registry.npmjs.org/chokidar/-/chokidar-2.1.8.tgz"
    "version" "2.1.8"
    dependencies:
      "anymatch" "^2.0.0"
      "async-each" "^1.0.1"
      "braces" "^2.3.2"
      "glob-parent" "^3.1.0"
      "inherits" "^2.0.3"
      "is-binary-path" "^1.0.0"
      "is-glob" "^4.0.0"
      "normalize-path" "^3.0.0"
      "path-is-absolute" "^1.0.0"
      "readdirp" "^2.2.1"
      "upath" "^1.1.1"
    optionalDependencies:
      "fsevents" "^1.2.7"
  
  "chokidar@^3.0.0":
    "integrity" "sha512-Dr3sfKRP6oTcjf2JmUmFJfeVMvXBdegxB0iVQ5eb2V10uFJUCAS8OByZdVAyVb8xXNz3GjjTgj9kLWsZTqE6kw=="
    "resolved" "https://registry.npmjs.org/chokidar/-/chokidar-3.5.3.tgz"
    "version" "3.5.3"
    dependencies:
      "anymatch" "~3.1.2"
      "braces" "~3.0.2"
      "glob-parent" "~5.1.2"
      "is-binary-path" "~2.1.0"
      "is-glob" "~4.0.1"
      "normalize-path" "~3.0.0"
      "readdirp" "~3.6.0"
    optionalDependencies:
      "fsevents" "~2.3.2"
  
  "class-utils@^0.3.5":
    "integrity" "sha512-qOhPa/Fj7s6TY8H8esGu5QNpMMQxz79h+urzrNYN6mn+9BnxlDGf5QZ+XeCDsxSjPqsSR56XOZOJmpeurnLMeg=="
    "resolved" "https://registry.npmjs.org/class-utils/-/class-utils-0.3.6.tgz"
    "version" "0.3.6"
    dependencies:
      "arr-union" "^3.1.0"
      "define-property" "^0.2.5"
      "isobject" "^3.0.0"
      "static-extend" "^0.1.1"
  
  "clean-css@^4.2.1":
    "integrity" "sha512-EJUDT7nDVFDvaQgAo2G/PJvxmp1o/c6iXLbswsBbUFXi1Nr+AjA2cKmfbKDMjMvzEe75g3P6JkaDDAKk96A85A=="
    "resolved" "https://registry.npmjs.org/clean-css/-/clean-css-4.2.4.tgz"
    "version" "4.2.4"
    dependencies:
      "source-map" "~0.6.0"
  
  "cliui@^7.0.2":
    "integrity" "sha512-OcRE68cOsVMXp1Yvonl/fzkQOyjLSu/8bhPDfQt0e0/Eb283TKP20Fs2MqoPsr9SwA595rRCA+QMzYc9nBP+JQ=="
    "resolved" "https://registry.npmjs.org/cliui/-/cliui-7.0.4.tgz"
    "version" "7.0.4"
    dependencies:
      "string-width" "^4.2.0"
      "strip-ansi" "^6.0.0"
      "wrap-ansi" "^7.0.0"
  
  "collection-visit@^1.0.0":
    "integrity" "sha512-lNkKvzEeMBBjUGHZ+q6z9pSJla0KWAQPvtzhEV9+iGyQYG+pBpl7xKDhxoNSOZH2hhv0v5k0y2yAM4o4SjoSkw=="
    "resolved" "https://registry.npmjs.org/collection-visit/-/collection-visit-1.0.0.tgz"
    "version" "1.0.0"
    dependencies:
      "map-visit" "^1.0.0"
      "object-visit" "^1.0.0"
  
  "color-convert@^2.0.1":
    "integrity" "sha512-RRECPsj7iu/xb5oKYcsFHSppFNnsj/52OVTRKb4zP5onXwVF3zVmmToNcOfGC+CRDpfK/U584fMg38ZHCaElKQ=="
    "resolved" "https://registry.npmjs.org/color-convert/-/color-convert-2.0.1.tgz"
    "version" "2.0.1"
    dependencies:
      "color-name" "~1.1.4"
  
  "color-name@~1.1.4":
    "integrity" "sha512-dOy+3AuW3a2wNbZHIuMZpTcgjGuLU/uBL/ubcZF9OXbDo8ff4O8yVp5Bf0efS8uEoYo5q4Fx7dY9OgQGXgAsQA=="
    "resolved" "https://registry.npmjs.org/color-name/-/color-name-1.1.4.tgz"
    "version" "1.1.4"
  
  "colors@latest":
    "integrity" "sha512-a+UqTh4kgZg/SlGvfbzDHpgRu7AAQOmmqRHJnxhRZICKFUT91brVhNNt58CMWU9PsBbv3PDCZUHbVxuDiH2mtA=="
    "resolved" "https://registry.npmjs.org/colors/-/colors-1.4.0.tgz"
    "version" "1.4.0"
  
  "commander@^2.19.0":
    "integrity" "sha512-GpVkmM8vF2vQUkj2LvZmD35JxeJOLCwJ9cUkugyk2nuhbv3+mJvpLYYt+0+USMxE+oj+ey/lJEnhZw75x/OMcQ=="
    "resolved" "https://registry.npmjs.org/commander/-/commander-2.20.3.tgz"
    "version" "2.20.3"
  
  "commander@^5.1.0":
    "integrity" "sha512-P0CysNDQ7rtVw4QIQtm+MRxV66vKFSvlsQvGYXZWR3qFU0jlMKHZZZgw8e+8DSah4UDKMqnknRDQz+xuQXQ/Zg=="
    "resolved" "https://registry.npmjs.org/commander/-/commander-5.1.0.tgz"
    "version" "5.1.0"
  
  "component-emitter@^1.2.1":
    "integrity" "sha512-Rd3se6QB+sO1TwqZjscQrurpEPIfO0/yYnSin6Q/rD3mOutHvUrCAhJub3r90uNb+SESBuE0QYoB90YdfatsRg=="
    "resolved" "https://registry.npmjs.org/component-emitter/-/component-emitter-1.3.0.tgz"
    "version" "1.3.0"
  
  "concat-map@0.0.1":
    "integrity" "sha512-/Srv4dswyQNBfohGpz9o6Yb3Gz3SrUDqBH5rTuhGR7ahtlbYKnVxw2bCFMRljaA7EXHaXZ8wsHdodFvbkhKmqg=="
    "resolved" "https://registry.npmjs.org/concat-map/-/concat-map-0.0.1.tgz"
    "version" "0.0.1"
  
  "concurrently@^7.2.1":
    "integrity" "sha512-7cab/QyqipqghrVr9qZmoWbidu0nHsmxrpNqQ7r/67vfl1DWJElexehQnTH1p+87tDkihaAjM79xTZyBQh7HLw=="
    "resolved" "https://registry.npmjs.org/concurrently/-/concurrently-7.2.1.tgz"
    "version" "7.2.1"
    dependencies:
      "chalk" "^4.1.0"
      "date-fns" "^2.16.1"
      "lodash" "^4.17.21"
      "rxjs" "^6.6.3"
      "shell-quote" "^1.7.3"
      "spawn-command" "^0.0.2-1"
      "supports-color" "^8.1.0"
      "tree-kill" "^1.2.2"
      "yargs" "^17.3.1"
  
  "config-chain@^1.1.13":
    "integrity" "sha512-qj+f8APARXHrM0hraqXYb2/bOVSV4PvJQlNZ/DVj0QrmNM2q2euizkeuVckQ57J+W0mRH6Hvi+k50M4Jul2VRQ=="
    "resolved" "https://registry.npmjs.org/config-chain/-/config-chain-1.1.13.tgz"
    "version" "1.1.13"
    dependencies:
      "ini" "^1.3.4"
      "proto-list" "~1.2.1"
  
  "connect@^3.6.6":
    "integrity" "sha512-ZqRXc+tZukToSNmh5C2iWMSoV3X1YUcPbqEM4DkEG5tNQXrQUZCNVGGv3IuicnkMtPfGf3Xtp8WCXs295iQ1pQ=="
    "resolved" "https://registry.npmjs.org/connect/-/connect-3.7.0.tgz"
    "version" "3.7.0"
    dependencies:
      "debug" "2.6.9"
      "finalhandler" "1.1.2"
      "parseurl" "~1.3.3"
      "utils-merge" "1.0.1"
  
  "copy-descriptor@^0.1.0":
    "integrity" "sha512-XgZ0pFcakEUlbwQEVNg3+QAis1FyTL3Qel9FYy8pSkQqoG3PNoT0bOCQtOXcOkur21r2Eq2kI+IE+gsmAEVlYw=="
    "resolved" "https://registry.npmjs.org/copy-descriptor/-/copy-descriptor-0.1.1.tgz"
    "version" "0.1.1"
  
  "core-util-is@~1.0.0":
    "integrity" "sha512-ZQBvi1DcpJ4GDqanjucZ2Hj3wEO5pZDS89BWbkcrvdxksJorwUDDZamX9ldFkp9aw2lmBDLgkObEA4DWNJ9FYQ=="
    "resolved" "https://registry.npmjs.org/core-util-is/-/core-util-is-1.0.3.tgz"
    "version" "1.0.3"
  
  "cors@latest":
    "integrity" "sha512-KIHbLJqu73RGr/hnbrO9uBeixNGuvSQjul/jdFvS/KFSIH1hWVd1ng7zOHx+YrEfInLG7q4n6GHQ9cDtxv/P6g=="
    "resolved" "https://registry.npmjs.org/cors/-/cors-2.8.5.tgz"
    "version" "2.8.5"
    dependencies:
      "object-assign" "^4"
      "vary" "^1"
  
  "css-select@^4.3.0":
    "integrity" "sha512-wPpOYtnsVontu2mODhA19JrqWxNsfdatRKd64kmpRbQgh1KtItko5sTnEpPdpSaJszTOhEMlF/RPz28qj4HqhQ=="
    "resolved" "https://registry.npmjs.org/css-select/-/css-select-4.3.0.tgz"
    "version" "4.3.0"
    dependencies:
      "boolbase" "^1.0.0"
      "css-what" "^6.0.1"
      "domhandler" "^4.3.1"
      "domutils" "^2.8.0"
      "nth-check" "^2.0.1"
  
  "css-what@^6.0.1":
    "integrity" "sha512-HTUrgRJ7r4dsZKU6GjmpfRK1O76h97Z8MfS1G0FozR+oF2kG6Vfe8JE6zwrkbxigziPHinCJ+gCPjA9EaBDtRw=="
    "resolved" "https://registry.npmjs.org/css-what/-/css-what-6.1.0.tgz"
    "version" "6.1.0"
  
  "date-fns@^2.16.1":
    "integrity" "sha512-8d35hViGYx/QH0icHYCeLmsLmMUheMmTyV9Fcm6gvNwdw31yXXH+O85sOBJ+OLnLQMKZowvpKb6FgMIQjcpvQw=="
    "resolved" "https://registry.npmjs.org/date-fns/-/date-fns-2.28.0.tgz"
    "version" "2.28.0"
  
  "debug@^2.2.0", "debug@^2.3.3", "debug@2.6.9":
    "integrity" "sha512-bC7ElrdJaJnPbAP+1EotYvqZsb3ecl5wi6Bfi6BJTUcNowp6cvspg0jXznRTKDjm/E7AdgFBVeAPVMNcKGsHMA=="
    "resolved" "https://registry.npmjs.org/debug/-/debug-2.6.9.tgz"
    "version" "2.6.9"
    dependencies:
      "ms" "2.0.0"
  
  "decode-uri-component@^0.2.0":
    "integrity" "sha512-hjf+xovcEn31w/EUYdTXQh/8smFL/dzYjohQGEIgjyNavaJfBY2p5F527Bo1VPATxv0VYTUC2bOcXvqFwk78Og=="
    "resolved" "https://registry.npmjs.org/decode-uri-component/-/decode-uri-component-0.2.0.tgz"
    "version" "0.2.0"
  
  "define-property@^0.2.5":
    "integrity" "sha512-Rr7ADjQZenceVOAKop6ALkkRAmH1A4Gx9hV/7ZujPUN2rkATqFO0JZLZInbAjpZYoJ1gUx8MRMQVkYemcbMSTA=="
    "resolved" "https://registry.npmjs.org/define-property/-/define-property-0.2.5.tgz"
    "version" "0.2.5"
    dependencies:
      "is-descriptor" "^0.1.0"
  
  "define-property@^1.0.0":
    "integrity" "sha512-cZTYKFWspt9jZsMscWo8sc/5lbPC9Q0N5nBLgb+Yd915iL3udB1uFgS3B8YCx66UVHq018DAVFoee7x+gxggeA=="
    "resolved" "https://registry.npmjs.org/define-property/-/define-property-1.0.0.tgz"
    "version" "1.0.0"
    dependencies:
      "is-descriptor" "^1.0.0"
  
  "define-property@^2.0.2":
    "integrity" "sha512-jwK2UV4cnPpbcG7+VRARKTZPUWowwXA8bzH5NP6ud0oeAxyYPuGZUAC7hMugpCdz4BeSZl2Dl9k66CHJ/46ZYQ=="
    "resolved" "https://registry.npmjs.org/define-property/-/define-property-2.0.2.tgz"
    "version" "2.0.2"
    dependencies:
      "is-descriptor" "^1.0.2"
      "isobject" "^3.0.1"
  
  "depd@~1.1.2":
    "integrity" "sha512-7emPTl6Dpo6JRXOXjLRxck+FlLRX5847cLKEn00PLAgc3g2hTZZgr+e4c2v6QpSmLeFP3n5yUo7ft6avBK/5jQ=="
    "resolved" "https://registry.npmjs.org/depd/-/depd-1.1.2.tgz"
    "version" "1.1.2"
  
  "depd@~2.0.0", "depd@2.0.0":
    "integrity" "sha512-g7nH6P6dyDioJogAAGprGpCtVImJhpPk/roCzdb3fIh61/s/nPsfR6onyMwkCAR/OlC3yBC0lESvUoQEAssIrw=="
    "resolved" "https://registry.npmjs.org/depd/-/depd-2.0.0.tgz"
    "version" "2.0.0"
  
  "destroy@1.2.0":
    "integrity" "sha512-2sJGJTaXIIaR1w4iJSNoN0hnMY7Gpc/n8D4qSCJw8QqFWXf7cuAgnEHxBpweaVcPevC2l3KpjYCx3NypQQgaJg=="
    "resolved" "https://registry.npmjs.org/destroy/-/destroy-1.2.0.tgz"
    "version" "1.2.0"
  
  "detect-node@2.0.4":
    "integrity" "sha512-ZIzRpLJrOj7jjP2miAtgqIfmzbxa4ZOr5jJc601zklsfEx9oTzmmj2nVpIPRpNlRTIh8lc1kyViIY7BWSGNmKw=="
    "resolved" "https://registry.npmjs.org/detect-node/-/detect-node-2.0.4.tgz"
    "version" "2.0.4"
  
  "dom-serializer@^1.0.1", "dom-serializer@^1.3.2":
    "integrity" "sha512-VHwB3KfrcOOkelEG2ZOfxqLZdfkil8PtJi4P8N2MMXucZq2yLp75ClViUlOVwyoHEDjYU433Aq+5zWP61+RGag=="
    "resolved" "https://registry.npmjs.org/dom-serializer/-/dom-serializer-1.4.1.tgz"
    "version" "1.4.1"
    dependencies:
      "domelementtype" "^2.0.1"
      "domhandler" "^4.2.0"
      "entities" "^2.0.0"
  
  "domelementtype@^2.0.1", "domelementtype@^2.2.0":
    "integrity" "sha512-OLETBj6w0OsagBwdXnPdN0cnMfF9opN69co+7ZrbfPGrdpPVNBUj02spi6B1N7wChLQiPn4CSH/zJvXw56gmHw=="
    "resolved" "https://registry.npmjs.org/domelementtype/-/domelementtype-2.3.0.tgz"
    "version" "2.3.0"
  
  "domhandler@^3.0.0":
    "integrity" "sha512-J1C5rIANUbuYK+FuFL98650rihynUOEzRLxW+90bKZRWB6A1X1Tf82GxR1qAWLyfNPRvjqfip3Q5tdYlmAa9lA=="
    "resolved" "https://registry.npmjs.org/domhandler/-/domhandler-3.3.0.tgz"
    "version" "3.3.0"
    dependencies:
      "domelementtype" "^2.0.1"
  
  "domhandler@^4.0.0", "domhandler@^4.2.0", "domhandler@^4.3.1":
    "integrity" "sha512-GrwoxYN+uWlzO8uhUXRl0P+kHE4GtVPfYzVLcUxPL7KNdHKj66vvlhiweIHqYYXWlw+T8iLMp42Lm67ghw4WMQ=="
    "resolved" "https://registry.npmjs.org/domhandler/-/domhandler-4.3.1.tgz"
    "version" "4.3.1"
    dependencies:
      "domelementtype" "^2.2.0"
  
  "domutils@^2.0.0", "domutils@^2.5.2", "domutils@^2.8.0":
    "integrity" "sha512-w96Cjofp72M5IIhpjgobBimYEfoPjx1Vx0BSX9P30WBdZW2WIKU0T1Bd0kz2eNZ9ikjKgHbEyKx8BB6H1L3h3A=="
    "resolved" "https://registry.npmjs.org/domutils/-/domutils-2.8.0.tgz"
    "version" "2.8.0"
    dependencies:
      "dom-serializer" "^1.0.1"
      "domelementtype" "^2.2.0"
      "domhandler" "^4.2.0"
  
  "duplexer@~0.1.1":
    "integrity" "sha512-jtD6YG370ZCIi/9GTaJKQxWTZD045+4R4hTk/x1UyoqadyJ9x9CgSi1RlVDQF8U2sxLLSnFkCaMihqljHIWgMg=="
    "resolved" "https://registry.npmjs.org/duplexer/-/duplexer-0.1.2.tgz"
    "version" "0.1.2"
  
  "editorconfig@^0.15.3":
    "integrity" "sha512-M9wIMFx96vq0R4F+gRpY3o2exzb8hEj/n9S8unZtHSvYjibBp/iMufSzvmOcV/laG0ZtuTVGtiJggPOSW2r93g=="
    "resolved" "https://registry.npmjs.org/editorconfig/-/editorconfig-0.15.3.tgz"
    "version" "0.15.3"
    dependencies:
      "commander" "^2.19.0"
      "lru-cache" "^4.1.5"
      "semver" "^5.6.0"
      "sigmund" "^1.0.1"
  
  "ee-first@1.1.1":
    "integrity" "sha512-WMwm9LhRUo+WUaRN+vRuETqG89IgZphVSNkdFgeb6sS/E4OrDIN7t48CAewSHXc6C8lefD8KKfr5vY61brQlow=="
    "resolved" "https://registry.npmjs.org/ee-first/-/ee-first-1.1.1.tgz"
    "version" "1.1.1"
  
  "emoji-regex@^8.0.0":
    "integrity" "sha512-MSjYzcWNOA0ewAHpz0MxpYFvwg6yjy1NG3xteoqz644VCo/RPgnr1/GGt+ic3iJTzQ8Eu3TdM14SawnVUmGE6A=="
    "resolved" "https://registry.npmjs.org/emoji-regex/-/emoji-regex-8.0.0.tgz"
    "version" "8.0.0"
  
  "encodeurl@~1.0.2":
    "integrity" "sha512-TPJXq8JqFaVYm2CWmPvnP2Iyo4ZSM7/QKcSmuMLDObfpH5fi7RUGmd/rTDf+rut/saiDiQEeVTNgAmJEdAOx0w=="
    "resolved" "https://registry.npmjs.org/encodeurl/-/encodeurl-1.0.2.tgz"
    "version" "1.0.2"
  
  "entities@^2.0.0":
    "integrity" "sha512-p92if5Nz619I0w+akJrLZH0MX0Pb5DX39XOwQTtXSdQQOaYH03S1uIQp4mhOZtAXrxq4ViO67YTiLBo2638o9A=="
    "resolved" "https://registry.npmjs.org/entities/-/entities-2.2.0.tgz"
    "version" "2.2.0"
  
  "escalade@^3.1.1":
    "integrity" "sha512-k0er2gUkLf8O0zKJiAhmkTnJlTvINGv7ygDNPbeIsX/TJjGJZHuh9B2UxbsaEkmlEo9MfhrSzmhIlhRlI2GXnw=="
    "resolved" "https://registry.npmjs.org/escalade/-/escalade-3.1.1.tgz"
    "version" "3.1.1"
  
  "escape-goat@^3.0.0":
    "integrity" "sha512-w3PwNZJwRxlp47QGzhuEBldEqVHHhh8/tIPcl6ecf2Bou99cdAt0knihBV0Ecc7CGxYduXVBDheH1K2oADRlvw=="
    "resolved" "https://registry.npmjs.org/escape-goat/-/escape-goat-3.0.0.tgz"
    "version" "3.0.0"
  
  "escape-html@~1.0.3":
    "integrity" "sha512-NiSupZ4OeuGwr68lGIeym/ksIZMJodUGOSCZ/FSnTxcrekbvqrgdUxlJOMpijaKZVjAJrWrGs/6Jy8OMuyj9ow=="
    "resolved" "https://registry.npmjs.org/escape-html/-/escape-html-1.0.3.tgz"
    "version" "1.0.3"
  
  "etag@~1.8.1":
    "integrity" "sha512-aIL5Fx7mawVa300al2BnEE4iNvo1qETxLrPI/o05L7z6go7fCw1J6EQmbK4FmJ2AS7kgVF/KEZWufBfdClMcPg=="
    "resolved" "https://registry.npmjs.org/etag/-/etag-1.8.1.tgz"
    "version" "1.8.1"
  
  "event-stream@3.3.4":
    "integrity" "sha512-QHpkERcGsR0T7Qm3HNJSyXKEEj8AHNxkY3PK8TS2KJvQ7NiSHe3DDpwVKKtoYprL/AreyzFBeIkBIWChAqn60g=="
    "resolved" "https://registry.npmjs.org/event-stream/-/event-stream-3.3.4.tgz"
    "version" "3.3.4"
    dependencies:
      "duplexer" "~0.1.1"
      "from" "~0"
      "map-stream" "~0.1.0"
      "pause-stream" "0.0.11"
      "split" "0.3"
      "stream-combiner" "~0.0.4"
      "through" "~2.3.1"
  
  "expand-brackets@^2.1.4":
    "integrity" "sha512-w/ozOKR9Obk3qoWeY/WDi6MFta9AoMR+zud60mdnbniMcBxRuFJyDt2LdX/14A1UABeqk+Uk+LDfUpvoGKppZA=="
    "resolved" "https://registry.npmjs.org/expand-brackets/-/expand-brackets-2.1.4.tgz"
    "version" "2.1.4"
    dependencies:
      "debug" "^2.3.3"
      "define-property" "^0.2.5"
      "extend-shallow" "^2.0.1"
      "posix-character-classes" "^0.1.0"
      "regex-not" "^1.0.0"
      "snapdragon" "^0.8.1"
      "to-regex" "^3.0.1"
  
  "extend-shallow@^2.0.1":
    "integrity" "sha512-zCnTtlxNoAiDc3gqY2aYAWFx7XWWiasuF2K8Me5WbN8otHKTUKBwjPtNpRs/rbUZm7KxWAaNj7P1a/p52GbVug=="
    "resolved" "https://registry.npmjs.org/extend-shallow/-/extend-shallow-2.0.1.tgz"
    "version" "2.0.1"
    dependencies:
      "is-extendable" "^0.1.0"
  
  "extend-shallow@^3.0.0":
    "integrity" "sha512-BwY5b5Ql4+qZoefgMj2NUmx+tehVTH/Kf4k1ZEtOHNFcm2wSxMRo992l6X3TIgni2eZVTZ85xMOjF31fwZAj6Q=="
    "resolved" "https://registry.npmjs.org/extend-shallow/-/extend-shallow-3.0.2.tgz"
    "version" "3.0.2"
    dependencies:
      "assign-symbols" "^1.0.0"
      "is-extendable" "^1.0.1"
  
  "extend-shallow@^3.0.2":
    "integrity" "sha512-BwY5b5Ql4+qZoefgMj2NUmx+tehVTH/Kf4k1ZEtOHNFcm2wSxMRo992l6X3TIgni2eZVTZ85xMOjF31fwZAj6Q=="
    "resolved" "https://registry.npmjs.org/extend-shallow/-/extend-shallow-3.0.2.tgz"
    "version" "3.0.2"
    dependencies:
      "assign-symbols" "^1.0.0"
      "is-extendable" "^1.0.1"
  
  "extglob@^2.0.4":
    "integrity" "sha512-Nmb6QXkELsuBr24CJSkilo6UHHgbekK5UiZgfE6UHD3Eb27YC6oD+bhcT+tJ6cl8dmsgdQxnWlcry8ksBIBLpw=="
    "resolved" "https://registry.npmjs.org/extglob/-/extglob-2.0.4.tgz"
    "version" "2.0.4"
    dependencies:
      "array-unique" "^0.3.2"
      "define-property" "^1.0.0"
      "expand-brackets" "^2.1.4"
      "extend-shallow" "^2.0.1"
      "fragment-cache" "^0.2.1"
      "regex-not" "^1.0.0"
      "snapdragon" "^0.8.1"
      "to-regex" "^3.0.1"
  
  "faye-websocket@0.11.x":
    "integrity" "sha512-CzbClwlXAuiRQAlUyfqPgvPoNKTckTPGfwZV4ZdAhVcP2lh9KUxJg2b5GkE7XbjKQ3YJnQ9z6D9ntLAlB+tP8g=="
    "resolved" "https://registry.npmjs.org/faye-websocket/-/faye-websocket-0.11.4.tgz"
    "version" "0.11.4"
    dependencies:
      "websocket-driver" ">=0.5.1"
  
  "file-uri-to-path@1.0.0":
    "integrity" "sha512-0Zt+s3L7Vf1biwWZ29aARiVYLx7iMGnEUl9x33fbB/j3jR81u/O2LbqK+Bm1CDSNDKVtJ/YjwY7TUd5SkeLQLw=="
    "resolved" "https://registry.npmjs.org/file-uri-to-path/-/file-uri-to-path-1.0.0.tgz"
    "version" "1.0.0"
  
  "fill-range@^4.0.0":
    "integrity" "sha512-VcpLTWqWDiTerugjj8e3+esbg+skS3M9e54UuR3iCeIDMXCLTsAH8hTSzDQU/X6/6t3eYkOKoZSef2PlU6U1XQ=="
    "resolved" "https://registry.npmjs.org/fill-range/-/fill-range-4.0.0.tgz"
    "version" "4.0.0"
    dependencies:
      "extend-shallow" "^2.0.1"
      "is-number" "^3.0.0"
      "repeat-string" "^1.6.1"
      "to-regex-range" "^2.1.0"
  
  "fill-range@^7.0.1":
    "integrity" "sha512-qOo9F+dMUmC2Lcb4BbVvnKJxTPjCm+RRpe4gDuGrzkL7mEVl/djYSu2OdQ2Pa302N4oqkSg9ir6jaLWJ2USVpQ=="
    "resolved" "https://registry.npmjs.org/fill-range/-/fill-range-7.0.1.tgz"
    "version" "7.0.1"
    dependencies:
      "to-regex-range" "^5.0.1"
  
  "finalhandler@1.1.2":
    "integrity" "sha512-aAWcW57uxVNrQZqFXjITpW3sIUQmHGG3qSb9mUah9MgMC4NeWhNOlNjXEYq3HjRAvL6arUviZGGJsBg6z0zsWA=="
    "resolved" "https://registry.npmjs.org/finalhandler/-/finalhandler-1.1.2.tgz"
    "version" "1.1.2"
    dependencies:
      "debug" "2.6.9"
      "encodeurl" "~1.0.2"
      "escape-html" "~1.0.3"
      "on-finished" "~2.3.0"
      "parseurl" "~1.3.3"
      "statuses" "~1.5.0"
      "unpipe" "~1.0.0"
  
  "for-in@^1.0.2":
    "integrity" "sha512-7EwmXrOjyL+ChxMhmG5lnW9MPt1aIeZEwKhQzoBUdTV0N3zuwWDZYVJatDvZ2OyzPUvdIAZDsCetk3coyMfcnQ=="
    "resolved" "https://registry.npmjs.org/for-in/-/for-in-1.0.2.tgz"
    "version" "1.0.2"
  
  "fragment-cache@^0.2.1":
    "integrity" "sha512-GMBAbW9antB8iZRHLoGw0b3HANt57diZYFO/HL1JGIC1MjKrdmhxvrJbupnVvpys0zsz7yBApXdQyfepKly2kA=="
    "resolved" "https://registry.npmjs.org/fragment-cache/-/fragment-cache-0.2.1.tgz"
    "version" "0.2.1"
    dependencies:
      "map-cache" "^0.2.2"
  
  "fresh@0.5.2":
    "integrity" "sha512-zJ2mQYM18rEFOudeV4GShTGIQ7RbzA7ozbU9I/XBpm7kqgMywgmylMwXHxZJmkVoYkna9d2pVXVXPdYTP9ej8Q=="
    "resolved" "https://registry.npmjs.org/fresh/-/fresh-0.5.2.tgz"
    "version" "0.5.2"
  
  "from@~0":
    "integrity" "sha512-twe20eF1OxVxp/ML/kq2p1uc6KvFK/+vs8WjEbeKmV2He22MKm7YF2ANIt+EOqhJ5L3K/SuuPhk0hWQDjOM23g=="
    "resolved" "https://registry.npmjs.org/from/-/from-0.1.7.tgz"
    "version" "0.1.7"
  
  "fs.realpath@^1.0.0":
    "integrity" "sha512-OO0pH2lK6a0hZnAdau5ItzHPI6pUlvI7jMVnxUQRtw4owF2wk8lOSabtGDCTP4Ggrg2MbGnWO9X8K1t4+fGMDw=="
    "resolved" "https://registry.npmjs.org/fs.realpath/-/fs.realpath-1.0.0.tgz"
    "version" "1.0.0"
  
  "fsevents@^1.2.7":
    "integrity" "sha512-oWb1Z6mkHIskLzEJ/XWX0srkpkTQ7vaopMQkyaEIoq0fmtFVxOthb8cCxeT+p3ynTdkk/RZwbgG4brR5BeWECw=="
    "resolved" "https://registry.npmjs.org/fsevents/-/fsevents-1.2.13.tgz"
    "version" "1.2.13"
    dependencies:
      "bindings" "^1.5.0"
      "nan" "^2.12.1"
  
  "fsevents@~2.3.2":
    "integrity" "sha512-xiqMQR4xAeHTuB9uWm+fFRcIOgKBMiOBP+eXiyT7jsgVCq1bkVygt00oASowB7EdtpOHaaPgKt812P9ab+DDKA=="
    "resolved" "https://registry.npmjs.org/fsevents/-/fsevents-2.3.2.tgz"
    "version" "2.3.2"
  
  "get-caller-file@^2.0.5":
    "integrity" "sha512-DyFP3BM/3YHTQOCUL/w0OZHR0lpKeGrxotcHWcqNEdnltqFwXVfhEBQ94eIo34AfQpo0rGki4cyIiftY06h2Fg=="
    "resolved" "https://registry.npmjs.org/get-caller-file/-/get-caller-file-2.0.5.tgz"
    "version" "2.0.5"
  
  "get-value@^2.0.3", "get-value@^2.0.6":
    "integrity" "sha512-Ln0UQDlxH1BapMu3GPtf7CuYNwRZf2gwCuPqbyG6pB8WfmFpzqcy4xtAaAMUhnNqjMKTiCPZG2oMT3YSx8U2NA=="
    "resolved" "https://registry.npmjs.org/get-value/-/get-value-2.0.6.tgz"
    "version" "2.0.6"
  
  "glob-parent@^3.1.0":
    "integrity" "sha512-E8Ak/2+dZY6fnzlR7+ueWvhsH1SjHr4jjss4YS/h4py44jY9MhK/VFdaZJAWDz6BbL21KeteKxFSFpq8OS5gVA=="
    "resolved" "https://registry.npmjs.org/glob-parent/-/glob-parent-3.1.0.tgz"
    "version" "3.1.0"
    dependencies:
      "is-glob" "^3.1.0"
      "path-dirname" "^1.0.0"
  
  "glob-parent@~5.1.2":
    "integrity" "sha512-AOIgSQCepiJYwP3ARnGx+5VnTu2HBYdzbGP45eLw1vr3zB3vZLeyed1sC9hnbcOc9/SrMyM5RPQrkGz4aS9Zow=="
    "resolved" "https://registry.npmjs.org/glob-parent/-/glob-parent-5.1.2.tgz"
    "version" "5.1.2"
    dependencies:
      "is-glob" "^4.0.1"
  
  "glob@^7.1.1", "glob@^7.1.3":
    "integrity" "sha512-nFR0zLpU2YCaRxwoCJvL6UvCH2JFyFVIvwTLsIf21AuHlMskA1hhTdk+LlYJtOlYt9v6dvszD2BGRqBL+iQK9Q=="
    "resolved" "https://registry.npmjs.org/glob/-/glob-7.2.3.tgz"
    "version" "7.2.3"
    dependencies:
      "fs.realpath" "^1.0.0"
      "inflight" "^1.0.4"
      "inherits" "2"
      "minimatch" "^3.1.1"
      "once" "^1.3.0"
      "path-is-absolute" "^1.0.0"
  
  "graceful-fs@^4.1.11":
    "integrity" "sha512-9ByhssR2fPVsNZj478qUUbKfmL0+t5BDVyjShtyZZLiK7ZDAArFFfopyOTj0M05wE2tJPisA4iTnnXl2YoPvOA=="
    "resolved" "https://registry.npmjs.org/graceful-fs/-/graceful-fs-4.2.10.tgz"
    "version" "4.2.10"
  
  "has-flag@^4.0.0":
    "integrity" "sha512-EykJT/Q1KjTWctppgIAgfSO0tKVuZUjhgMr17kqTumMl6Afv3EISleU7qZUzoXDFTAHTDC4NOoG/ZxU3EvlMPQ=="
    "resolved" "https://registry.npmjs.org/has-flag/-/has-flag-4.0.0.tgz"
    "version" "4.0.0"
  
  "has-value@^0.3.1":
    "integrity" "sha512-gpG936j8/MzaeID5Yif+577c17TxaDmhuyVgSwtnL/q8UUTySg8Mecb+8Cf1otgLoD7DDH75axp86ER7LFsf3Q=="
    "resolved" "https://registry.npmjs.org/has-value/-/has-value-0.3.1.tgz"
    "version" "0.3.1"
    dependencies:
      "get-value" "^2.0.3"
      "has-values" "^0.1.4"
      "isobject" "^2.0.0"
  
  "has-value@^1.0.0":
    "integrity" "sha512-IBXk4GTsLYdQ7Rvt+GRBrFSVEkmuOUy4re0Xjd9kJSUQpnTrWR4/y9RpfexN9vkAPMFuQoeWKwqzPozRTlasGw=="
    "resolved" "https://registry.npmjs.org/has-value/-/has-value-1.0.0.tgz"
    "version" "1.0.0"
    dependencies:
      "get-value" "^2.0.6"
      "has-values" "^1.0.0"
      "isobject" "^3.0.0"
  
  "has-values@^0.1.4":
    "integrity" "sha512-J8S0cEdWuQbqD9//tlZxiMuMNmxB8PlEwvYwuxsTmR1G5RXUePEX/SJn7aD0GMLieuZYSwNH0cQuJGwnYunXRQ=="
    "resolved" "https://registry.npmjs.org/has-values/-/has-values-0.1.4.tgz"
    "version" "0.1.4"
  
  "has-values@^1.0.0":
    "integrity" "sha512-ODYZC64uqzmtfGMEAX/FvZiRyWLpAC3vYnNunURUnkGVTS+mI0smVsWaPydRBsE3g+ok7h960jChO8mFcWlHaQ=="
    "resolved" "https://registry.npmjs.org/has-values/-/has-values-1.0.0.tgz"
    "version" "1.0.0"
    dependencies:
      "is-number" "^3.0.0"
      "kind-of" "^4.0.0"
  
  "he@^1.2.0":
    "integrity" "sha512-F/1DnUGPopORZi0ni+CvrCgHQ5FyEAHRLSApuYWMmrbSwoN2Mn/7k+Gl38gJnR7yyDZk6WLXwiGod1JOWNDKGw=="
    "resolved" "https://registry.npmjs.org/he/-/he-1.2.0.tgz"
    "version" "1.2.0"
  
  "html-minifier@^4.0.0":
    "integrity" "sha512-aoGxanpFPLg7MkIl/DDFYtb0iWz7jMFGqFhvEDZga6/4QTjneiD8I/NXL1x5aaoCp7FSIT6h/OhykDdPsbtMig=="
    "resolved" "https://registry.npmjs.org/html-minifier/-/html-minifier-4.0.0.tgz"
    "version" "4.0.0"
    dependencies:
      "camel-case" "^3.0.0"
      "clean-css" "^4.2.1"
      "commander" "^2.19.0"
      "he" "^1.2.0"
      "param-case" "^2.1.1"
      "relateurl" "^0.2.7"
      "uglify-js" "^3.5.1"
  
  "htmlparser2@^4.0.0":
    "integrity" "sha512-4zDq1a1zhE4gQso/c5LP1OtrhYTncXNSpvJYtWJBtXAETPlMfi3IFNjGuQbYLuVY4ZR0QMqRVvo4Pdy9KLyP8Q=="
    "resolved" "https://registry.npmjs.org/htmlparser2/-/htmlparser2-4.1.0.tgz"
    "version" "4.1.0"
    dependencies:
      "domelementtype" "^2.0.1"
      "domhandler" "^3.0.0"
      "domutils" "^2.0.0"
      "entities" "^2.0.0"
  
  "htmlparser2@^4.1.0":
    "integrity" "sha512-4zDq1a1zhE4gQso/c5LP1OtrhYTncXNSpvJYtWJBtXAETPlMfi3IFNjGuQbYLuVY4ZR0QMqRVvo4Pdy9KLyP8Q=="
    "resolved" "https://registry.npmjs.org/htmlparser2/-/htmlparser2-4.1.0.tgz"
    "version" "4.1.0"
    dependencies:
      "domelementtype" "^2.0.1"
      "domhandler" "^3.0.0"
      "domutils" "^2.0.0"
      "entities" "^2.0.0"
  
  "htmlparser2@^6.1.0":
    "integrity" "sha512-gyyPk6rgonLFEDGoeRgQNaEUvdJ4ktTmmUh/h2t7s+M8oPpIPxgNACWa+6ESR57kXstwqPiCut0V8NRpcwgU7A=="
    "resolved" "https://registry.npmjs.org/htmlparser2/-/htmlparser2-6.1.0.tgz"
    "version" "6.1.0"
    dependencies:
      "domelementtype" "^2.0.1"
      "domhandler" "^4.0.0"
      "domutils" "^2.5.2"
      "entities" "^2.0.0"
  
  "http-auth@3.1.x":
    "integrity" "sha512-Jbx0+ejo2IOx+cRUYAGS1z6RGc6JfYUNkysZM4u4Sfk1uLlGv814F7/PIjQQAuThLdAWxb74JMGd5J8zex1VQg=="
    "resolved" "https://registry.npmjs.org/http-auth/-/http-auth-3.1.3.tgz"
    "version" "3.1.3"
    dependencies:
      "apache-crypt" "^1.1.2"
      "apache-md5" "^1.0.6"
      "bcryptjs" "^2.3.0"
      "uuid" "^3.0.0"
  
  "http-errors@~1.6.2":
    "integrity" "sha512-lks+lVC8dgGyh97jxvxeYTWQFvh4uw4yC12gVl63Cg30sjPX4wuGcdkICVXDAESr6OJGjqGA8Iz5mkeN6zlD7A=="
    "resolved" "https://registry.npmjs.org/http-errors/-/http-errors-1.6.3.tgz"
    "version" "1.6.3"
    dependencies:
      "depd" "~1.1.2"
      "inherits" "2.0.3"
      "setprototypeof" "1.1.0"
      "statuses" ">= 1.4.0 < 2"
  
  "http-errors@2.0.0":
    "integrity" "sha512-FtwrG/euBzaEjYeRqOgly7G0qviiXoJWnvEH2Z1plBdXgbyjv34pHTSb9zoeHMyDy33+DWy5Wt9Wo+TURtOYSQ=="
    "resolved" "https://registry.npmjs.org/http-errors/-/http-errors-2.0.0.tgz"
    "version" "2.0.0"
    dependencies:
      "depd" "2.0.0"
      "inherits" "2.0.4"
      "setprototypeof" "1.2.0"
      "statuses" "2.0.1"
      "toidentifier" "1.0.1"
  
  "http-parser-js@>=0.5.1":
    "integrity" "sha512-vDlkRPDJn93swjcjqMSaGSPABbIarsr1TLAui/gLDXzV5VsJNdXNzMYDyNBLQkjWQCJ1uizu8T2oDMhmGt0PRA=="
    "resolved" "https://registry.npmjs.org/http-parser-js/-/http-parser-js-0.5.6.tgz"
    "version" "0.5.6"
  
  "inflight@^1.0.4":
    "integrity" "sha512-k92I/b08q4wvFscXCLvqfsHCrjrF7yiXsQuIVvVE7N82W3+aqpzuUdBbfhWcy/FZR3/4IgflMgKLOsvPDrGCJA=="
    "resolved" "https://registry.npmjs.org/inflight/-/inflight-1.0.6.tgz"
    "version" "1.0.6"
    dependencies:
      "once" "^1.3.0"
      "wrappy" "1"
  
  "inherits@^2.0.3", "inherits@~2.0.3", "inherits@2", "inherits@2.0.4":
    "integrity" "sha512-k/vGaX4/Yla3WzyMCvTQOXYeIHvqOKtnqBduzTHpzpQZzAskKMhZ2K+EnBiSM9zGSoIFeMpXKxa4dYeZIQqewQ=="
    "resolved" "https://registry.npmjs.org/inherits/-/inherits-2.0.4.tgz"
    "version" "2.0.4"
  
  "inherits@2.0.3":
    "integrity" "sha512-x00IRNXNy63jwGkJmzPigoySHbaqpNuzKbBOmzK+g2OdZpQ9w+sxCN+VSB3ja7IAge2OP2qpfxTjeNcyjmW1uw=="
    "resolved" "https://registry.npmjs.org/inherits/-/inherits-2.0.3.tgz"
    "version" "2.0.3"
  
  "ini@^1.3.4":
    "integrity" "sha512-JV/yugV2uzW5iMRSiZAyDtQd+nxtUnjeLt0acNdw98kKLrvuRVyB80tsREOE7yvGVgalhZ6RNXCmEHkUKBKxew=="
    "resolved" "https://registry.npmjs.org/ini/-/ini-1.3.8.tgz"
    "version" "1.3.8"
  
  "is-accessor-descriptor@^0.1.6":
    "integrity" "sha512-e1BM1qnDbMRG3ll2U9dSK0UMHuWOs3pY3AtcFsmvwPtKL3MML/Q86i+GilLfvqEs4GW+ExB91tQ3Ig9noDIZ+A=="
    "resolved" "https://registry.npmjs.org/is-accessor-descriptor/-/is-accessor-descriptor-0.1.6.tgz"
    "version" "0.1.6"
    dependencies:
      "kind-of" "^3.0.2"
  
  "is-accessor-descriptor@^1.0.0":
    "integrity" "sha512-m5hnHTkcVsPfqx3AKlyttIPb7J+XykHvJP2B9bZDjlhLIoEq4XoK64Vg7boZlVWYK6LUY94dYPEE7Lh0ZkZKcQ=="
    "resolved" "https://registry.npmjs.org/is-accessor-descriptor/-/is-accessor-descriptor-1.0.0.tgz"
    "version" "1.0.0"
    dependencies:
      "kind-of" "^6.0.0"
  
  "is-binary-path@^1.0.0":
    "integrity" "sha512-9fRVlXc0uCxEDj1nQzaWONSpbTfx0FmJfzHF7pwlI8DkWGoHBBea4Pg5Ky0ojwwxQmnSifgbKkI06Qv0Ljgj+Q=="
    "resolved" "https://registry.npmjs.org/is-binary-path/-/is-binary-path-1.0.1.tgz"
    "version" "1.0.1"
    dependencies:
      "binary-extensions" "^1.0.0"
  
  "is-binary-path@~2.1.0":
    "integrity" "sha512-ZMERYes6pDydyuGidse7OsHxtbI7WVeUEozgR/g7rd0xUimYNlvZRE/K2MgZTjWy725IfelLeVcEM97mmtRGXw=="
    "resolved" "https://registry.npmjs.org/is-binary-path/-/is-binary-path-2.1.0.tgz"
    "version" "2.1.0"
    dependencies:
      "binary-extensions" "^2.0.0"
  
  "is-buffer@^1.1.5":
    "integrity" "sha512-NcdALwpXkTm5Zvvbk7owOUSvVvBKDgKP5/ewfXEznmQFfs4ZRmanOeKBTjRVjka3QFoN6XJ+9F3USqfHqTaU5w=="
    "resolved" "https://registry.npmjs.org/is-buffer/-/is-buffer-1.1.6.tgz"
    "version" "1.1.6"
  
  "is-data-descriptor@^0.1.4":
    "integrity" "sha512-+w9D5ulSoBNlmw9OHn3U2v51SyoCd0he+bB3xMl62oijhrspxowjU+AIcDY0N3iEJbUEkB15IlMASQsxYigvXg=="
    "resolved" "https://registry.npmjs.org/is-data-descriptor/-/is-data-descriptor-0.1.4.tgz"
    "version" "0.1.4"
    dependencies:
      "kind-of" "^3.0.2"
  
  "is-data-descriptor@^1.0.0":
    "integrity" "sha512-jbRXy1FmtAoCjQkVmIVYwuuqDFUbaOeDjmed1tOGPrsMhtJA4rD9tkgA0F1qJ3gRFRXcHYVkdeaP50Q5rE/jLQ=="
    "resolved" "https://registry.npmjs.org/is-data-descriptor/-/is-data-descriptor-1.0.0.tgz"
    "version" "1.0.0"
    dependencies:
      "kind-of" "^6.0.0"
  
  "is-descriptor@^0.1.0":
    "integrity" "sha512-avDYr0SB3DwO9zsMov0gKCESFYqCnE4hq/4z3TdUlukEy5t9C0YRq7HLrsN52NAcqXKaepeCD0n+B0arnVG3Hg=="
    "resolved" "https://registry.npmjs.org/is-descriptor/-/is-descriptor-0.1.6.tgz"
    "version" "0.1.6"
    dependencies:
      "is-accessor-descriptor" "^0.1.6"
      "is-data-descriptor" "^0.1.4"
      "kind-of" "^5.0.0"
  
  "is-descriptor@^1.0.0", "is-descriptor@^1.0.2":
    "integrity" "sha512-2eis5WqQGV7peooDyLmNEPUrps9+SXX5c9pL3xEB+4e9HnGuDa7mB7kHxHw4CbqS9k1T2hOH3miL8n8WtiYVtg=="
    "resolved" "https://registry.npmjs.org/is-descriptor/-/is-descriptor-1.0.2.tgz"
    "version" "1.0.2"
    dependencies:
      "is-accessor-descriptor" "^1.0.0"
      "is-data-descriptor" "^1.0.0"
      "kind-of" "^6.0.2"
  
  "is-extendable@^0.1.0", "is-extendable@^0.1.1":
    "integrity" "sha512-5BMULNob1vgFX6EjQw5izWDxrecWK9AM72rugNr0TFldMOi0fj6Jk+zeKIt0xGj4cEfQIJth4w3OKWOJ4f+AFw=="
    "resolved" "https://registry.npmjs.org/is-extendable/-/is-extendable-0.1.1.tgz"
    "version" "0.1.1"
  
  "is-extendable@^1.0.1":
    "integrity" "sha512-arnXMxT1hhoKo9k1LZdmlNyJdDDfy2v0fXjFlmok4+i8ul/6WlbVge9bhM74OpNPQPMGUToDtz+KXa1PneJxOA=="
    "resolved" "https://registry.npmjs.org/is-extendable/-/is-extendable-1.0.1.tgz"
    "version" "1.0.1"
    dependencies:
      "is-plain-object" "^2.0.4"
  
  "is-extglob@^2.1.0", "is-extglob@^2.1.1":
    "integrity" "sha512-SbKbANkN603Vi4jEZv49LeVJMn4yGwsbzZworEoyEiutsN3nJYdbO36zfhGJ6QEDpOZIFkDtnq5JRxmvl3jsoQ=="
    "resolved" "https://registry.npmjs.org/is-extglob/-/is-extglob-2.1.1.tgz"
    "version" "2.1.1"
  
  "is-fullwidth-code-point@^3.0.0":
    "integrity" "sha512-zymm5+u+sCsSWyD9qNaejV3DFvhCKclKdizYaJUuHA83RLjb7nSuGnddCHGv0hk+KY7BMAlsWeK4Ueg6EV6XQg=="
    "resolved" "https://registry.npmjs.org/is-fullwidth-code-point/-/is-fullwidth-code-point-3.0.0.tgz"
    "version" "3.0.0"
  
  "is-glob@^3.1.0":
    "integrity" "sha512-UFpDDrPgM6qpnFNI+rh/p3bUaq9hKLZN8bMUWzxmcnZVS3omf4IPK+BrewlnWjO1WmUsMYuSjKh4UJuV4+Lqmw=="
    "resolved" "https://registry.npmjs.org/is-glob/-/is-glob-3.1.0.tgz"
    "version" "3.1.0"
    dependencies:
      "is-extglob" "^2.1.0"
  
  "is-glob@^4.0.0", "is-glob@^4.0.1", "is-glob@~4.0.1":
    "integrity" "sha512-xelSayHH36ZgE7ZWhli7pW34hNbNl8Ojv5KVmkJD4hBdD3th8Tfk9vYasLM+mXWOZhFkgZfxhLSnrwRr4elSSg=="
    "resolved" "https://registry.npmjs.org/is-glob/-/is-glob-4.0.3.tgz"
    "version" "4.0.3"
    dependencies:
      "is-extglob" "^2.1.1"
  
  "is-number@^3.0.0":
    "integrity" "sha512-4cboCqIpliH+mAvFNegjZQ4kgKc3ZUhQVr3HvWbSh5q3WH2v82ct+T2Y1hdU5Gdtorx/cLifQjqCbL7bpznLTg=="
    "resolved" "https://registry.npmjs.org/is-number/-/is-number-3.0.0.tgz"
    "version" "3.0.0"
    dependencies:
      "kind-of" "^3.0.2"
  
  "is-number@^7.0.0":
    "integrity" "sha512-41Cifkg6e8TylSpdtTpeLVMqvSBEVzTttHvERD741+pnZ8ANv0004MRL43QKPDlK9cGvNp6NZWZUBlbGXYxxng=="
    "resolved" "https://registry.npmjs.org/is-number/-/is-number-7.0.0.tgz"
    "version" "7.0.0"
  
  "is-plain-object@^2.0.3", "is-plain-object@^2.0.4":
    "integrity" "sha512-h5PpgXkWitc38BBMYawTYMWJHFZJVnBquFE57xFpjB8pJFiF6gZ+bU+WyI/yqXiFR5mdLsgYNaPe8uao6Uv9Og=="
    "resolved" "https://registry.npmjs.org/is-plain-object/-/is-plain-object-2.0.4.tgz"
    "version" "2.0.4"
    dependencies:
      "isobject" "^3.0.1"
  
  "is-windows@^1.0.2":
    "integrity" "sha512-eXK1UInq2bPmjyX6e3VHIzMLobc4J94i4AWn+Hpq3OU5KkrRC96OAcR3PRJ/pGu6m8TRnBHP9dkXQVsT/COVIA=="
    "resolved" "https://registry.npmjs.org/is-windows/-/is-windows-1.0.2.tgz"
    "version" "1.0.2"
  
  "is-wsl@^1.1.0":
    "integrity" "sha512-gfygJYZ2gLTDlmbWMI0CE2MwnFzSN/2SZfkMlItC4K/JBlsWVDB0bO6XhqcY13YXE7iMcAJnzTCJjPiTeJJ0Mw=="
    "resolved" "https://registry.npmjs.org/is-wsl/-/is-wsl-1.1.0.tgz"
    "version" "1.1.0"
  
  "isarray@~1.0.0", "isarray@1.0.0":
    "integrity" "sha512-VLghIWNM6ELQzo7zwmcg0NmTVyWKYjvIeM83yjp0wRDTmUnrM678fQbcKBo6n2CJEF0szoG//ytg+TKla89ALQ=="
    "resolved" "https://registry.npmjs.org/isarray/-/isarray-1.0.0.tgz"
    "version" "1.0.0"
  
  "isobject@^2.0.0":
    "integrity" "sha512-+OUdGJlgjOBZDfxnDjYYG6zp487z0JGNQq3cYQYg5f5hKR+syHMsaztzGeml/4kGG55CSpKSpWTY+jYGgsHLgA=="
    "resolved" "https://registry.npmjs.org/isobject/-/isobject-2.1.0.tgz"
    "version" "2.1.0"
    dependencies:
      "isarray" "1.0.0"
  
  "isobject@^3.0.0", "isobject@^3.0.1":
    "integrity" "sha512-WhB9zCku7EGTj/HQQRz5aUQEUeoQZH2bWcltRErOpymJ4boYE6wL9Tbr23krRPSZ+C5zqNSrSw+Cc7sZZ4b7vg=="
    "resolved" "https://registry.npmjs.org/isobject/-/isobject-3.0.1.tgz"
    "version" "3.0.1"
  
  "js-beautify@^1.6.14":
    "integrity" "sha512-f1ra8PHtOEu/70EBnmiUlV8nJePS58y9qKjl4JHfYWlFH6bo7ogZBz//FAZp7jDuXtYnGYKymZPlrg2I/9Zo4g=="
    "resolved" "https://registry.npmjs.org/js-beautify/-/js-beautify-1.14.3.tgz"
    "version" "1.14.3"
    dependencies:
      "config-chain" "^1.1.13"
      "editorconfig" "^0.15.3"
      "glob" "^7.1.3"
      "nopt" "^5.0.0"
  
  "juice@^7.0.0":
    "integrity" "sha512-AjKQX31KKN+uJs+zaf+GW8mBO/f/0NqSh2moTMyvwBY+4/lXIYTU8D8I2h6BAV3Xnz6GGsbalUyFqbYMe+Vh+Q=="
    "resolved" "https://registry.npmjs.org/juice/-/juice-7.0.0.tgz"
    "version" "7.0.0"
    dependencies:
      "cheerio" "^1.0.0-rc.3"
      "commander" "^5.1.0"
      "mensch" "^0.3.4"
      "slick" "^1.12.2"
      "web-resource-inliner" "^5.0.0"
  
  "kind-of@^3.0.2", "kind-of@^3.0.3", "kind-of@^3.2.0":
    "integrity" "sha512-NOW9QQXMoZGg/oqnVNoNTTIFEIid1627WCffUBJEdMxYApq7mNE7CpzucIPc+ZQg25Phej7IJSmX3hO+oblOtQ=="
    "resolved" "https://registry.npmjs.org/kind-of/-/kind-of-3.2.2.tgz"
    "version" "3.2.2"
    dependencies:
      "is-buffer" "^1.1.5"
  
  "kind-of@^4.0.0":
    "integrity" "sha512-24XsCxmEbRwEDbz/qz3stgin8TTzZ1ESR56OMCN0ujYg+vRutNSiOj9bHH9u85DKgXguraugV5sFuvbD4FW/hw=="
    "resolved" "https://registry.npmjs.org/kind-of/-/kind-of-4.0.0.tgz"
    "version" "4.0.0"
    dependencies:
      "is-buffer" "^1.1.5"
  
  "kind-of@^5.0.0":
    "integrity" "sha512-NGEErnH6F2vUuXDh+OlbcKW7/wOcfdRHaZ7VWtqCztfHri/++YKmP51OdWeGPuqCOba6kk2OTe5d02VmTB80Pw=="
    "resolved" "https://registry.npmjs.org/kind-of/-/kind-of-5.1.0.tgz"
    "version" "5.1.0"
  
  "kind-of@^6.0.0":
    "integrity" "sha512-dcS1ul+9tmeD95T+x28/ehLgd9mENa3LsvDTtzm3vyBEO7RPptvAD+t44WVXaUjTBRcrpFeFlC8WCruUR456hw=="
    "resolved" "https://registry.npmjs.org/kind-of/-/kind-of-6.0.3.tgz"
    "version" "6.0.3"
  
  "kind-of@^6.0.2":
    "integrity" "sha512-dcS1ul+9tmeD95T+x28/ehLgd9mENa3LsvDTtzm3vyBEO7RPptvAD+t44WVXaUjTBRcrpFeFlC8WCruUR456hw=="
    "resolved" "https://registry.npmjs.org/kind-of/-/kind-of-6.0.3.tgz"
    "version" "6.0.3"
  
  "live-server@1.2.1":
    "integrity" "sha512-Yn2XCVjErTkqnM3FfTmM7/kWy3zP7+cEtC7x6u+wUzlQ+1UW3zEYbbyJrc0jNDwiMDZI0m4a0i3dxlGHVyXczw=="
    "resolved" "https://registry.npmjs.org/live-server/-/live-server-1.2.1.tgz"
    "version" "1.2.1"
    dependencies:
      "chokidar" "^2.0.4"
      "colors" "latest"
      "connect" "^3.6.6"
      "cors" "latest"
      "event-stream" "3.3.4"
      "faye-websocket" "0.11.x"
      "http-auth" "3.1.x"
      "morgan" "^1.9.1"
      "object-assign" "latest"
      "opn" "latest"
      "proxy-middleware" "latest"
      "send" "latest"
      "serve-index" "^1.9.1"
  
  "lodash@^4.17.15", "lodash@^4.17.21":
    "integrity" "sha512-v2kDEe57lecTulaDIuNTPy3Ry4gLGJ6Z1O3vE1krgXZNrsQ+LFTGHVxVjcXPs17LhbZVGedAJv8XZ1tvj5FvSg=="
    "resolved" "https://registry.npmjs.org/lodash/-/lodash-4.17.21.tgz"
    "version" "4.17.21"
  
  "lower-case@^1.1.1":
    "integrity" "sha512-2Fgx1Ycm599x+WGpIYwJOvsjmXFzTSc34IwDWALRA/8AopUKAVPwfJ+h5+f85BCp0PWmmJcWzEpxOpoXycMpdA=="
    "resolved" "https://registry.npmjs.org/lower-case/-/lower-case-1.1.4.tgz"
    "version" "1.1.4"
  
  "lru-cache@^4.1.5":
    "integrity" "sha512-sWZlbEP2OsHNkXrMl5GYk/jKk70MBng6UU4YI/qGDYbgf6YbP4EvmqISbXCoJiRKs+1bSpFHVgQxvJ17F2li5g=="
    "resolved" "https://registry.npmjs.org/lru-cache/-/lru-cache-4.1.5.tgz"
    "version" "4.1.5"
    dependencies:
      "pseudomap" "^1.0.2"
      "yallist" "^2.1.2"
  
  "map-cache@^0.2.2":
    "integrity" "sha512-8y/eV9QQZCiyn1SprXSrCmqJN0yNRATe+PO8ztwqrvrbdRLA3eYJF0yaR0YayLWkMbsQSKWS9N2gPcGEc4UsZg=="
    "resolved" "https://registry.npmjs.org/map-cache/-/map-cache-0.2.2.tgz"
    "version" "0.2.2"
  
  "map-stream@~0.1.0":
    "integrity" "sha512-CkYQrPYZfWnu/DAmVCpTSX/xHpKZ80eKh2lAkyA6AJTef6bW+6JpbQZN5rofum7da+SyN1bi5ctTm+lTfcCW3g=="
    "resolved" "https://registry.npmjs.org/map-stream/-/map-stream-0.1.0.tgz"
    "version" "0.1.0"
  
  "map-visit@^1.0.0":
    "integrity" "sha512-4y7uGv8bd2WdM9vpQsiQNo41Ln1NvhvDRuVt0k2JZQ+ezN2uaQes7lZeZ+QQUHOLQAtDaBJ+7wCbi+ab/KFs+w=="
    "resolved" "https://registry.npmjs.org/map-visit/-/map-visit-1.0.0.tgz"
    "version" "1.0.0"
    dependencies:
      "object-visit" "^1.0.0"
  
  "mensch@^0.3.4":
    "integrity" "sha512-IAeFvcOnV9V0Yk+bFhYR07O3yNina9ANIN5MoXBKYJ/RLYPurd2d0yw14MDhpr9/momp0WofT1bPUh3hkzdi/g=="
    "resolved" "https://registry.npmjs.org/mensch/-/mensch-0.3.4.tgz"
    "version" "0.3.4"
  
  "micromatch@^3.1.10", "micromatch@^3.1.4":
    "integrity" "sha512-MWikgl9n9M3w+bpsY3He8L+w9eF9338xRl8IAO5viDizwSzziFEyUzo2xrrloB64ADbTf8uA8vRqqttDTOmccg=="
    "resolved" "https://registry.npmjs.org/micromatch/-/micromatch-3.1.10.tgz"
    "version" "3.1.10"
    dependencies:
      "arr-diff" "^4.0.0"
      "array-unique" "^0.3.2"
      "braces" "^2.3.1"
      "define-property" "^2.0.2"
      "extend-shallow" "^3.0.2"
      "extglob" "^2.0.4"
      "fragment-cache" "^0.2.1"
      "kind-of" "^6.0.2"
      "nanomatch" "^1.2.9"
      "object.pick" "^1.3.0"
      "regex-not" "^1.0.0"
      "snapdragon" "^0.8.1"
      "to-regex" "^3.0.2"
  
  "mime-db@1.52.0":
    "integrity" "sha512-sPU4uV7dYlvtWJxwwxHD0PuihVNiE7TyAbQ5SWxDCB9mUYvOgroQOwYQQOKPJ8CIbE+1ETVlOoK1UC2nU3gYvg=="
    "resolved" "https://registry.npmjs.org/mime-db/-/mime-db-1.52.0.tgz"
    "version" "1.52.0"
  
  "mime-types@~2.1.17", "mime-types@~2.1.34":
    "integrity" "sha512-ZDY+bPm5zTTF+YpCrAU9nK0UgICYPT0QtT1NZWFv4s++TNkcgVaT0g6+4R2uI4MjQjzysHB1zxuWL50hzaeXiw=="
    "resolved" "https://registry.npmjs.org/mime-types/-/mime-types-2.1.35.tgz"
    "version" "2.1.35"
    dependencies:
      "mime-db" "1.52.0"
  
  "mime@^2.4.6":
    "integrity" "sha512-USPkMeET31rOMiarsBNIHZKLGgvKc/LrjofAnBlOttf5ajRvqiRA8QsenbcooctK6d6Ts6aqZXBA+XbkKthiQg=="
    "resolved" "https://registry.npmjs.org/mime/-/mime-2.6.0.tgz"
    "version" "2.6.0"
  
  "mime@1.6.0":
    "integrity" "sha512-x0Vn8spI+wuJ1O6S7gnbaQg8Pxh4NNHb7KSINmEWKiPE4RKOplvijn+NkmYmmRgP68mc70j2EbeTFRsrswaQeg=="
    "resolved" "https://registry.npmjs.org/mime/-/mime-1.6.0.tgz"
    "version" "1.6.0"
  
  "minimatch@^3.1.1":
    "integrity" "sha512-J7p63hRiAjw1NDEww1W7i37+ByIrOWO5XQQAzZ3VOcL0PNybwpfmV/N05zFAzwQ9USyEcX6t3UO+K5aqBQOIHw=="
    "resolved" "https://registry.npmjs.org/minimatch/-/minimatch-3.1.2.tgz"
    "version" "3.1.2"
    dependencies:
      "brace-expansion" "^1.1.7"
  
  "mixin-deep@^1.2.0":
    "integrity" "sha512-WRoDn//mXBiJ1H40rqa3vH0toePwSsGb45iInWlTySa+Uu4k3tYUSxa2v1KqAiLtvlrSzaExqS1gtk96A9zvEA=="
    "resolved" "https://registry.npmjs.org/mixin-deep/-/mixin-deep-1.3.2.tgz"
    "version" "1.3.2"
    dependencies:
      "for-in" "^1.0.2"
      "is-extendable" "^1.0.1"
  
  "mjml-accordion@4.12.0":
    "integrity" "sha512-vqBk4NhXN+w6F3c5vnLxkvgneREpkwTzZpbxtMzpNqkUW2yei0oSQ26j/wLgXYTaX+4Czp+oVr0cnNxjyCZHjA=="
    "resolved" "https://registry.npmjs.org/mjml-accordion/-/mjml-accordion-4.12.0.tgz"
    "version" "4.12.0"
    dependencies:
      "@babel/runtime" "^7.14.6"
      "lodash" "^4.17.21"
      "mjml-core" "4.12.0"
  
  "mjml-body@4.12.0":
    "integrity" "sha512-IQBAHhdRKsNUXat+oxvRTjVJ1qzTRkNjFe/mtD/Pbn9olUnQmV+RKxnkqRZf7QtiTxVIOGC4kU9VLPjNymsFXQ=="
    "resolved" "https://registry.npmjs.org/mjml-body/-/mjml-body-4.12.0.tgz"
    "version" "4.12.0"
    dependencies:
      "@babel/runtime" "^7.14.6"
      "lodash" "^4.17.21"
      "mjml-core" "4.12.0"
  
  "mjml-button@4.12.0":
    "integrity" "sha512-XJfLP+mHvCr6Ky16ooYz5+8ODkf10+ATyvENCKyrof+rietr5WxN2FxWCZA9Orq20OE74/hvaOeZZdkxwtsXig=="
    "resolved" "https://registry.npmjs.org/mjml-button/-/mjml-button-4.12.0.tgz"
    "version" "4.12.0"
    dependencies:
      "@babel/runtime" "^7.14.6"
      "lodash" "^4.17.21"
      "mjml-core" "4.12.0"
  
  "mjml-carousel@4.12.0":
    "integrity" "sha512-vQ5Aqvix9mbAE0GspxIDpKK4dVMRuKFO3qV6N/CkrIAOe4+2CKV4AMn2fWUvQEx6hA6CGxayeLkI7E0hNOWcZA=="
    "resolved" "https://registry.npmjs.org/mjml-carousel/-/mjml-carousel-4.12.0.tgz"
    "version" "4.12.0"
    dependencies:
      "@babel/runtime" "^7.14.6"
      "lodash" "^4.17.21"
      "mjml-core" "4.12.0"
  
  "mjml-cli@4.12.0":
    "integrity" "sha512-//Y4XsN6aFgpZtDbQZRu4qe+CQzGWV3i5K3rC1dwPcdtpDMsXBPKiwIZFrQxpRVBwxs0hU4ZBQOMtvYZkoicdQ=="
    "resolved" "https://registry.npmjs.org/mjml-cli/-/mjml-cli-4.12.0.tgz"
    "version" "4.12.0"
    dependencies:
      "@babel/runtime" "^7.14.6"
      "chokidar" "^3.0.0"
      "glob" "^7.1.1"
      "html-minifier" "^4.0.0"
      "js-beautify" "^1.6.14"
      "lodash" "^4.17.21"
      "mjml-core" "4.12.0"
      "mjml-migrate" "4.12.0"
      "mjml-parser-xml" "4.12.0"
      "mjml-validator" "4.12.0"
      "yargs" "^16.1.0"
  
  "mjml-column@4.12.0":
    "integrity" "sha512-Ub/7ov2B1T2jfSpxvF61o3UCU4gGDFUqIelr7ghuazLc2KvTwdHYeR8mWt8l8RBM6zZiWjkYEFMP22ty7WXztg=="
    "resolved" "https://registry.npmjs.org/mjml-column/-/mjml-column-4.12.0.tgz"
    "version" "4.12.0"
    dependencies:
      "@babel/runtime" "^7.14.6"
      "lodash" "^4.17.21"
      "mjml-core" "4.12.0"
  
  "mjml-core@4.12.0":
    "integrity" "sha512-B3gUkV3kFN1IlzIV3GnpWBmE21XHH5ARyydMxacR75iC53PvJ9c50hr6DWLGdrrDCC6Fdud8jTmgD9dnWPmJhQ=="
    "resolved" "https://registry.npmjs.org/mjml-core/-/mjml-core-4.12.0.tgz"
    "version" "4.12.0"
    dependencies:
      "@babel/runtime" "^7.14.6"
      "cheerio" "1.0.0-rc.10"
      "detect-node" "2.0.4"
      "html-minifier" "^4.0.0"
      "js-beautify" "^1.6.14"
      "juice" "^7.0.0"
      "lodash" "^4.17.21"
      "mjml-migrate" "4.12.0"
      "mjml-parser-xml" "4.12.0"
      "mjml-validator" "4.12.0"
  
  "mjml-divider@4.12.0":
    "integrity" "sha512-L87iqrhVS+PnUInYbXK4lcTQcHfWMTL7ZqDL9XEMBywzX8cCfviLNMbqmLCO2HD8nMPVMRbcE32H04T6LyZ2qw=="
    "resolved" "https://registry.npmjs.org/mjml-divider/-/mjml-divider-4.12.0.tgz"
    "version" "4.12.0"
    dependencies:
      "@babel/runtime" "^7.14.6"
      "lodash" "^4.17.21"
      "mjml-core" "4.12.0"
  
  "mjml-group@4.12.0":
    "integrity" "sha512-Rl7Iydd7M2SnbH1ItIi07hYY+FrEai5c6kYMKbcFWAuNupCuvUThuhx1AphMPCZFMLbbPSKNWMarBkWhepS7cw=="
    "resolved" "https://registry.npmjs.org/mjml-group/-/mjml-group-4.12.0.tgz"
    "version" "4.12.0"
    dependencies:
      "@babel/runtime" "^7.14.6"
      "lodash" "^4.17.21"
      "mjml-core" "4.12.0"
  
  "mjml-head-attributes@4.12.0":
    "integrity" "sha512-tRwKUzIrtcw1FGy8Xpy4vrFo0u2daZgqx3X0cM5WWrGFcKe7ZdjNEAkU/3w+WsFjeMcb0fHdKvd+sxBjPJ6fpA=="
    "resolved" "https://registry.npmjs.org/mjml-head-attributes/-/mjml-head-attributes-4.12.0.tgz"
    "version" "4.12.0"
    dependencies:
      "@babel/runtime" "^7.14.6"
      "lodash" "^4.17.21"
      "mjml-core" "4.12.0"
  
  "mjml-head-breakpoint@4.12.0":
    "integrity" "sha512-BVVbvAIcIu49P1EJkEPPIY8Gu4GleyzpkdddqD3ihAPn3Pz07SEsFlHvI35eCszuaJeeMbSSxLrsF4m+aQQlvw=="
    "resolved" "https://registry.npmjs.org/mjml-head-breakpoint/-/mjml-head-breakpoint-4.12.0.tgz"
    "version" "4.12.0"
    dependencies:
      "@babel/runtime" "^7.14.6"
      "lodash" "^4.17.21"
      "mjml-core" "4.12.0"
  
  "mjml-head-font@4.12.0":
    "integrity" "sha512-ja5sWbGOIr1gF/7IIPzrgOlWYiKk57BC8JWYRANV7CxNKa635sd6aBJHbzXv1A6Ph+zH5KtE0MSQCK8n49BIsw=="
    "resolved" "https://registry.npmjs.org/mjml-head-font/-/mjml-head-font-4.12.0.tgz"
    "version" "4.12.0"
    dependencies:
      "@babel/runtime" "^7.14.6"
      "lodash" "^4.17.21"
      "mjml-core" "4.12.0"
  
  "mjml-head-html-attributes@4.12.0":
    "integrity" "sha512-XJesJuW9uzlNN5w/S7t5ZquSVDay7BehOKmIZKMwKn1y0SJBXiakcwt9M9hhF0HB189Bew0gpGt3m7QYvTez8g=="
    "resolved" "https://registry.npmjs.org/mjml-head-html-attributes/-/mjml-head-html-attributes-4.12.0.tgz"
    "version" "4.12.0"
    dependencies:
      "@babel/runtime" "^7.14.6"
      "lodash" "^4.17.21"
      "mjml-core" "4.12.0"
  
  "mjml-head-preview@4.12.0":
    "integrity" "sha512-pr02ZkxwU6/LWhrL3xP/hLrUXx27I1FnfgaYjgvMjh6pMURuy7W+W8BrNJKeyXZo685b2A5lNFDJV7rCJ6HrEQ=="
    "resolved" "https://registry.npmjs.org/mjml-head-preview/-/mjml-head-preview-4.12.0.tgz"
    "version" "4.12.0"
    dependencies:
      "@babel/runtime" "^7.14.6"
      "lodash" "^4.17.21"
      "mjml-core" "4.12.0"
  
  "mjml-head-style@4.12.0":
    "integrity" "sha512-64IVdJ2Xl000SrwLt4cebl+MiZcino/ywMkuLQ/c48XeR6pkvbjXYAInWsdlMG1y041n1bOZICNnQQc4xhNJrw=="
    "resolved" "https://registry.npmjs.org/mjml-head-style/-/mjml-head-style-4.12.0.tgz"
    "version" "4.12.0"
    dependencies:
      "@babel/runtime" "^7.14.6"
      "lodash" "^4.17.21"
      "mjml-core" "4.12.0"
  
  "mjml-head-title@4.12.0":
    "integrity" "sha512-c7thJUmNLIdVy1ftLbYUjchHwrIfAb9SHdbuVQHdtQz45a3Ni2nie4AWxF/srn90k8q/uEKtQq1taOa4f71Zug=="
    "resolved" "https://registry.npmjs.org/mjml-head-title/-/mjml-head-title-4.12.0.tgz"
    "version" "4.12.0"
    dependencies:
      "@babel/runtime" "^7.14.6"
      "lodash" "^4.17.21"
      "mjml-core" "4.12.0"
  
  "mjml-head@4.12.0":
    "integrity" "sha512-LcI4ykOB6nMV5W//tF9S1unlXxexfNZUnnyZ2OOzP1V7J5poLXdKXqB8XATN2YGGTsDZ5Q/5V1KO+NnjpW7zSw=="
    "resolved" "https://registry.npmjs.org/mjml-head/-/mjml-head-4.12.0.tgz"
    "version" "4.12.0"
    dependencies:
      "@babel/runtime" "^7.14.6"
      "lodash" "^4.17.21"
      "mjml-core" "4.12.0"
  
  "mjml-hero@4.12.0":
    "integrity" "sha512-j87DgSAyLzMMuNtVqR1okkI/orKnvZoR7i+RsA1yueNql9dZtnw3Ezy8cas8MJaAoGOmqIy9AqGRJIr82w4mxQ=="
    "resolved" "https://registry.npmjs.org/mjml-hero/-/mjml-hero-4.12.0.tgz"
    "version" "4.12.0"
    dependencies:
      "@babel/runtime" "^7.14.6"
      "lodash" "^4.17.21"
      "mjml-core" "4.12.0"
  
  "mjml-image@4.12.0":
    "integrity" "sha512-P77M+PLLNn7QvGhL8sx+6yzkQbEMxIQO3yxqUC+x8Ie8kXS8phSNGcqx8qfhdN7p7sQ3CZdOIZSXkG7RRAF94w=="
    "resolved" "https://registry.npmjs.org/mjml-image/-/mjml-image-4.12.0.tgz"
    "version" "4.12.0"
    dependencies:
      "@babel/runtime" "^7.14.6"
      "lodash" "^4.17.21"
      "mjml-core" "4.12.0"
  
  "mjml-migrate@4.12.0":
    "integrity" "sha512-KDdPkuOzL9CAekY0CslM0Yqiomk4TubNMszw6UFfylp5xRA3CfBo0HdGcnewHBkZ8+isjPlzDWf3n+NkU11OiA=="
    "resolved" "https://registry.npmjs.org/mjml-migrate/-/mjml-migrate-4.12.0.tgz"
    "version" "4.12.0"
    dependencies:
      "@babel/runtime" "^7.14.6"
      "js-beautify" "^1.6.14"
      "lodash" "^4.17.21"
      "mjml-core" "4.12.0"
      "mjml-parser-xml" "4.12.0"
      "yargs" "^16.1.0"
  
  "mjml-navbar@4.12.0":
    "integrity" "sha512-TWKV5lFgwUvRbG+FNz6Uo7mGPJRU/BK1v0BeQr1e5Ykft4052iYIuv2XNwRkeoORmLT+7AN8FbkP+TVBpflbWw=="
    "resolved" "https://registry.npmjs.org/mjml-navbar/-/mjml-navbar-4.12.0.tgz"
    "version" "4.12.0"
    dependencies:
      "@babel/runtime" "^7.14.6"
      "lodash" "^4.17.21"
      "mjml-core" "4.12.0"
  
  "mjml-parser-xml@4.12.0":
    "integrity" "sha512-cmCcvoiirH0kuCglGAjwBVfDrlnqS3e83uBwPN6wDN6IfxSgsPT6IV0vRfcJERsr2ThpFjvoSq4GmYi9oCUSMw=="
    "resolved" "https://registry.npmjs.org/mjml-parser-xml/-/mjml-parser-xml-4.12.0.tgz"
    "version" "4.12.0"
    dependencies:
      "@babel/runtime" "^7.14.6"
      "detect-node" "2.0.4"
      "htmlparser2" "^4.1.0"
      "lodash" "^4.17.15"
  
  "mjml-preset-core@4.12.0":
    "integrity" "sha512-zoiCKcl/bK43ltr2J8dY9Qg5fcB3TbhaWcTG84oGYWdii5WEkKTXj5hpP1ss1XqdOGMNLij/HVwmli+xQCo6FQ=="
    "resolved" "https://registry.npmjs.org/mjml-preset-core/-/mjml-preset-core-4.12.0.tgz"
    "version" "4.12.0"
    dependencies:
      "@babel/runtime" "^7.14.6"
      "mjml-accordion" "4.12.0"
      "mjml-body" "4.12.0"
      "mjml-button" "4.12.0"
      "mjml-carousel" "4.12.0"
      "mjml-column" "4.12.0"
      "mjml-divider" "4.12.0"
      "mjml-group" "4.12.0"
      "mjml-head" "4.12.0"
      "mjml-head-attributes" "4.12.0"
      "mjml-head-breakpoint" "4.12.0"
      "mjml-head-font" "4.12.0"
      "mjml-head-html-attributes" "4.12.0"
      "mjml-head-preview" "4.12.0"
      "mjml-head-style" "4.12.0"
      "mjml-head-title" "4.12.0"
      "mjml-hero" "4.12.0"
      "mjml-image" "4.12.0"
      "mjml-navbar" "4.12.0"
      "mjml-raw" "4.12.0"
      "mjml-section" "4.12.0"
      "mjml-social" "4.12.0"
      "mjml-spacer" "4.12.0"
      "mjml-table" "4.12.0"
      "mjml-text" "4.12.0"
      "mjml-wrapper" "4.12.0"
  
  "mjml-raw@4.12.0":
    "integrity" "sha512-vQUmrEZEgu0DCca7tiPdQ/vf8GM5QyeaabbLd1rX3XCt5Mid47LCdszmVcrk1WxqNuExIw1fNyEGCCDeP2qCJg=="
    "resolved" "https://registry.npmjs.org/mjml-raw/-/mjml-raw-4.12.0.tgz"
    "version" "4.12.0"
    dependencies:
      "@babel/runtime" "^7.14.6"
      "lodash" "^4.17.21"
      "mjml-core" "4.12.0"
  
  "mjml-section@4.12.0":
    "integrity" "sha512-5BdHrAghS/XJ40t3qtLHpY3rIVuBnJXv8dGm8U+oMVAzw3L4ySk5WI+FulRkchdPFCKpeXQZjXZaX0C7pmNaIw=="
    "resolved" "https://registry.npmjs.org/mjml-section/-/mjml-section-4.12.0.tgz"
    "version" "4.12.0"
    dependencies:
      "@babel/runtime" "^7.14.6"
      "lodash" "^4.17.21"
      "mjml-core" "4.12.0"
  
  "mjml-social@4.12.0":
    "integrity" "sha512-eTsqJoKP65Imawh+WEX2dv4N34ItUmvIbsCeSQPhC/NG6klxDjzg5oDA1F2tZk+CPIuXVmJiauQ5/vPHLzUiVw=="
    "resolved" "https://registry.npmjs.org/mjml-social/-/mjml-social-4.12.0.tgz"
    "version" "4.12.0"
    dependencies:
      "@babel/runtime" "^7.14.6"
      "lodash" "^4.17.21"
      "mjml-core" "4.12.0"
  
  "mjml-spacer@4.12.0":
    "integrity" "sha512-YB+VCixcuWXDzICrGLFw7PJDkL166e4OG8IUUB2yhvd5VHtFFBc0iRksaEAumOL1r6MnXVCRq4Wcmxlzj7zOfQ=="
    "resolved" "https://registry.npmjs.org/mjml-spacer/-/mjml-spacer-4.12.0.tgz"
    "version" "4.12.0"
    dependencies:
      "@babel/runtime" "^7.14.6"
      "lodash" "^4.17.21"
      "mjml-core" "4.12.0"
  
  "mjml-table@4.12.0":
    "integrity" "sha512-IuLvyiJOsM6RgobuIfZuM36fJcoH8pK/A4awCLTEme0HCxEkkjzDkl4RBMK/KX53Cpor0U6oR6RlQfZcducpLg=="
    "resolved" "https://registry.npmjs.org/mjml-table/-/mjml-table-4.12.0.tgz"
    "version" "4.12.0"
    dependencies:
      "@babel/runtime" "^7.14.6"
      "lodash" "^4.17.21"
      "mjml-core" "4.12.0"
  
  "mjml-text@4.12.0":
    "integrity" "sha512-AFcXiQBC48ZfKKgAdU0NRS2nqftc8zLGxBtPwHNgFkuh5Lf2rWgPK6JRubNi7qhb8Sd7M8stU+LIRA5sxM1nRQ=="
    "resolved" "https://registry.npmjs.org/mjml-text/-/mjml-text-4.12.0.tgz"
    "version" "4.12.0"
    dependencies:
      "@babel/runtime" "^7.14.6"
      "lodash" "^4.17.21"
      "mjml-core" "4.12.0"
  
  "mjml-validator@4.12.0":
    "integrity" "sha512-EmOScfcJJ4LdIyHnE+K4FdkryQ+c6QRV7qp+zlunAHE5AUPaBS0OrHPHuNo1sOu7g1tc+bVl7eHR4FIb0Wkzwg=="
    "resolved" "https://registry.npmjs.org/mjml-validator/-/mjml-validator-4.12.0.tgz"
    "version" "4.12.0"
    dependencies:
      "@babel/runtime" "^7.14.6"
  
  "mjml-wrapper@4.12.0":
    "integrity" "sha512-u0pq+A9QBLwpeF/hdv2uWZIv3Qp4wwf+CMaHZsUpb3YfOJD/6YKwLvkeA7ngE+YxwwzgtgjmIEs4eDae1evlgQ=="
    "resolved" "https://registry.npmjs.org/mjml-wrapper/-/mjml-wrapper-4.12.0.tgz"
    "version" "4.12.0"
    dependencies:
      "@babel/runtime" "^7.14.6"
      "lodash" "^4.17.21"
      "mjml-core" "4.12.0"
      "mjml-section" "4.12.0"
  
  "mjml@^4.12.0":
    "integrity" "sha512-uWDu1pPQVyoX4iKIrM02J6qOBN6PC1rSMP64DKi2qGU4dpOztVgvTBh6JttIbINV4ZiALtpeGu+jeEUqp2ROXA=="
    "resolved" "https://registry.npmjs.org/mjml/-/mjml-4.12.0.tgz"
    "version" "4.12.0"
    dependencies:
      "@babel/runtime" "^7.14.6"
      "mjml-cli" "4.12.0"
      "mjml-core" "4.12.0"
      "mjml-migrate" "4.12.0"
      "mjml-preset-core" "4.12.0"
      "mjml-validator" "4.12.0"
  
  "morgan@^1.9.1":
    "integrity" "sha512-AbegBVI4sh6El+1gNwvD5YIck7nSA36weD7xvIxG4in80j/UoK8AEGaWnnz8v1GxonMCltmlNs5ZKbGvl9b1XQ=="
    "resolved" "https://registry.npmjs.org/morgan/-/morgan-1.10.0.tgz"
    "version" "1.10.0"
    dependencies:
      "basic-auth" "~2.0.1"
      "debug" "2.6.9"
      "depd" "~2.0.0"
      "on-finished" "~2.3.0"
      "on-headers" "~1.0.2"
  
  "ms@2.0.0":
    "integrity" "sha512-Tpp60P6IUJDTuOq/5Z8cdskzJujfwqfOTkrwIwj7IRISpnkJnT6SyJ4PCPnGMoFjC9ddhal5KVIYtAt97ix05A=="
    "resolved" "https://registry.npmjs.org/ms/-/ms-2.0.0.tgz"
    "version" "2.0.0"
  
  "ms@2.1.3":
    "integrity" "sha512-6FlzubTLZG3J2a/NVCAleEhjzq5oxgHyaCU9yYXvcLsvoVaHJq/s5xXI6/XXP6tz7R9xAOtHnSO/tXtF3WRTlA=="
    "resolved" "https://registry.npmjs.org/ms/-/ms-2.1.3.tgz"
    "version" "2.1.3"
  
  "nan@^2.12.1":
    "integrity" "sha512-UdAqHyFngu7TfQKsCBgAA6pWDkT8MAO7d0jyOecVhN5354xbLqdn8mV9Tat9gepAupm0bt2DbeaSC8vS52MuFA=="
    "resolved" "https://registry.npmjs.org/nan/-/nan-2.16.0.tgz"
    "version" "2.16.0"
  
  "nanomatch@^1.2.9":
    "integrity" "sha512-fpoe2T0RbHwBTBUOftAfBPaDEi06ufaUai0mE6Yn1kacc3SnTErfb/h+X94VXzI64rKFHYImXSvdwGGCmwOqCA=="
    "resolved" "https://registry.npmjs.org/nanomatch/-/nanomatch-1.2.13.tgz"
    "version" "1.2.13"
    dependencies:
      "arr-diff" "^4.0.0"
      "array-unique" "^0.3.2"
      "define-property" "^2.0.2"
      "extend-shallow" "^3.0.2"
      "fragment-cache" "^0.2.1"
      "is-windows" "^1.0.2"
      "kind-of" "^6.0.2"
      "object.pick" "^1.3.0"
      "regex-not" "^1.0.0"
      "snapdragon" "^0.8.1"
      "to-regex" "^3.0.1"
  
  "negotiator@0.6.3":
    "integrity" "sha512-+EUsqGPLsM+j/zdChZjsnX51g4XrHFOIXwfnCVPGlQk/k5giakcKsuxCObBRu6DSm9opw/O6slWbJdghQM4bBg=="
    "resolved" "https://registry.npmjs.org/negotiator/-/negotiator-0.6.3.tgz"
    "version" "0.6.3"
  
  "no-case@^2.2.0":
    "integrity" "sha512-rmTZ9kz+f3rCvK2TD1Ue/oZlns7OGoIWP4fc3llxxRXlOkHKoWPPWJOfFYpITabSow43QJbRIoHQXtt10VldyQ=="
    "resolved" "https://registry.npmjs.org/no-case/-/no-case-2.3.2.tgz"
    "version" "2.3.2"
    dependencies:
      "lower-case" "^1.1.1"
  
  "node-fetch@^2.6.0":
    "integrity" "sha512-ZjMPFEfVx5j+y2yF35Kzx5sF7kDzxuDj6ziH4FFbOp87zKDZNx8yExJIb05OGF4Nlt9IHFIMBkRl41VdvcNdbQ=="
    "resolved" "https://registry.npmjs.org/node-fetch/-/node-fetch-2.6.7.tgz"
    "version" "2.6.7"
    dependencies:
      "whatwg-url" "^5.0.0"
  
  "nopt@^5.0.0":
    "integrity" "sha512-Tbj67rffqceeLpcRXrT7vKAN8CwfPeIBgM7E6iBkmKLV7bEMwpGgYLGv0jACUsECaa/vuxP0IjEont6umdMgtQ=="
    "resolved" "https://registry.npmjs.org/nopt/-/nopt-5.0.0.tgz"
    "version" "5.0.0"
    dependencies:
      "abbrev" "1"
  
  "normalize-path@^2.1.1":
    "integrity" "sha512-3pKJwH184Xo/lnH6oyP1q2pMd7HcypqqmRs91/6/i2CGtWwIKGCkOOMTm/zXbgTEWHw1uNpNi/igc3ePOYHb6w=="
    "resolved" "https://registry.npmjs.org/normalize-path/-/normalize-path-2.1.1.tgz"
    "version" "2.1.1"
    dependencies:
      "remove-trailing-separator" "^1.0.1"
  
  "normalize-path@^3.0.0", "normalize-path@~3.0.0":
    "integrity" "sha512-6eZs5Ls3WtCisHWp9S2GUy8dqkpGi4BVSz3GaqiE6ezub0512ESztXUwUB6C6IKbQkY2Pnb/mD4WYojCRwcwLA=="
    "resolved" "https://registry.npmjs.org/normalize-path/-/normalize-path-3.0.0.tgz"
    "version" "3.0.0"
  
  "nth-check@^2.0.1":
    "integrity" "sha512-lqjrjmaOoAnWfMmBPL+XNnynZh2+swxiX3WUE0s4yEHI6m+AwrK2UZOimIRl3X/4QctVqS8AiZjFqyOGrMXb/w=="
    "resolved" "https://registry.npmjs.org/nth-check/-/nth-check-2.1.1.tgz"
    "version" "2.1.1"
    dependencies:
      "boolbase" "^1.0.0"
  
  "object-assign@^4", "object-assign@latest":
    "integrity" "sha512-rJgTQnkUnH1sFw8yT6VSU3zD3sWmu6sZhIseY8VX+GRu3P6F7Fu+JNDoXfklElbLJSnc3FUQHVe4cU5hj+BcUg=="
    "resolved" "https://registry.npmjs.org/object-assign/-/object-assign-4.1.1.tgz"
    "version" "4.1.1"
  
  "object-copy@^0.1.0":
    "integrity" "sha512-79LYn6VAb63zgtmAteVOWo9Vdj71ZVBy3Pbse+VqxDpEP83XuujMrGqHIwAXJ5I/aM0zU7dIyIAhifVTPrNItQ=="
    "resolved" "https://registry.npmjs.org/object-copy/-/object-copy-0.1.0.tgz"
    "version" "0.1.0"
    dependencies:
      "copy-descriptor" "^0.1.0"
      "define-property" "^0.2.5"
      "kind-of" "^3.0.3"
  
  "object-visit@^1.0.0":
    "integrity" "sha512-GBaMwwAVK9qbQN3Scdo0OyvgPW7l3lnaVMj84uTOZlswkX0KpF6fyDBJhtTthf7pymztoN36/KEr1DyhF96zEA=="
    "resolved" "https://registry.npmjs.org/object-visit/-/object-visit-1.0.1.tgz"
    "version" "1.0.1"
    dependencies:
      "isobject" "^3.0.0"
  
  "object.pick@^1.3.0":
    "integrity" "sha512-tqa/UMy/CCoYmj+H5qc07qvSL9dqcs/WZENZ1JbtWBlATP+iVOe778gE6MSijnyCnORzDuX6hU+LA4SZ09YjFQ=="
    "resolved" "https://registry.npmjs.org/object.pick/-/object.pick-1.3.0.tgz"
    "version" "1.3.0"
    dependencies:
      "isobject" "^3.0.1"
  
  "on-finished@~2.3.0":
    "integrity" "sha512-ikqdkGAAyf/X/gPhXGvfgAytDZtDbr+bkNUJ0N9h5MI/dmdgCs3l6hoHrcUv41sRKew3jIwrp4qQDXiK99Utww=="
    "resolved" "https://registry.npmjs.org/on-finished/-/on-finished-2.3.0.tgz"
    "version" "2.3.0"
    dependencies:
      "ee-first" "1.1.1"
  
  "on-finished@2.4.1":
    "integrity" "sha512-oVlzkg3ENAhCk2zdv7IJwd/QUD4z2RxRwpkcGY8psCVcCYZNq4wYnVWALHM+brtuJjePWiYF/ClmuDr8Ch5+kg=="
    "resolved" "https://registry.npmjs.org/on-finished/-/on-finished-2.4.1.tgz"
    "version" "2.4.1"
    dependencies:
      "ee-first" "1.1.1"
  
  "on-headers@~1.0.2":
    "integrity" "sha512-pZAE+FJLoyITytdqK0U5s+FIpjN0JP3OzFi/u8Rx+EV5/W+JTWGXG8xFzevE7AjBfDqHv/8vL8qQsIhHnqRkrA=="
    "resolved" "https://registry.npmjs.org/on-headers/-/on-headers-1.0.2.tgz"
    "version" "1.0.2"
  
  "once@^1.3.0":
    "integrity" "sha512-lNaJgI+2Q5URQBkccEKHTQOPaXdUxnZZElQTZY0MFUAuaEqe1E+Nyvgdz/aIyNi6Z9MzO5dv1H8n58/GELp3+w=="
    "resolved" "https://registry.npmjs.org/once/-/once-1.4.0.tgz"
    "version" "1.4.0"
    dependencies:
      "wrappy" "1"
  
  "opn@latest":
    "integrity" "sha512-I9PKfIZC+e4RXZ/qr1RhgyCnGgYX0UEIlXgWnCOVACIvFgaC9rz6Won7xbdhoHrd8IIhV7YEpHjreNUNkqCGkQ=="
    "resolved" "https://registry.npmjs.org/opn/-/opn-6.0.0.tgz"
    "version" "6.0.0"
    dependencies:
      "is-wsl" "^1.1.0"
  
  "param-case@^2.1.1":
    "integrity" "sha512-eQE845L6ot89sk2N8liD8HAuH4ca6Vvr7VWAWwt7+kvvG5aBcPmmphQ68JsEG2qa9n1TykS2DLeMt363AAH8/w=="
    "resolved" "https://registry.npmjs.org/param-case/-/param-case-2.1.1.tgz"
    "version" "2.1.1"
    dependencies:
      "no-case" "^2.2.0"
  
  "parse5-htmlparser2-tree-adapter@^6.0.1":
    "integrity" "sha512-qPuWvbLgvDGilKc5BoicRovlT4MtYT6JfJyBOMDsKoiT+GiuP5qyrPCnR9HcPECIJJmZh5jRndyNThnhhb/vlA=="
    "resolved" "https://registry.npmjs.org/parse5-htmlparser2-tree-adapter/-/parse5-htmlparser2-tree-adapter-6.0.1.tgz"
    "version" "6.0.1"
    dependencies:
      "parse5" "^6.0.1"
  
  "parse5@^6.0.1":
    "integrity" "sha512-Ofn/CTFzRGTTxwpNEs9PP93gXShHcTq255nzRYSKe8AkVpZY7e1fpmTfOyoIvjP5HG7Z2ZM7VS9PPhQGW2pOpw=="
    "resolved" "https://registry.npmjs.org/parse5/-/parse5-6.0.1.tgz"
    "version" "6.0.1"
  
  "parseurl@~1.3.2", "parseurl@~1.3.3":
    "integrity" "sha512-CiyeOxFT/JZyN5m0z9PfXw4SCBJ6Sygz1Dpl0wqjlhDEGGBP1GnsUVEL0p63hoG1fcj3fHynXi9NYO4nWOL+qQ=="
    "resolved" "https://registry.npmjs.org/parseurl/-/parseurl-1.3.3.tgz"
    "version" "1.3.3"
  
  "pascalcase@^0.1.1":
    "integrity" "sha512-XHXfu/yOQRy9vYOtUDVMN60OEJjW013GoObG1o+xwQTpB9eYJX/BjXMsdW13ZDPruFhYYn0AG22w0xgQMwl3Nw=="
    "resolved" "https://registry.npmjs.org/pascalcase/-/pascalcase-0.1.1.tgz"
    "version" "0.1.1"
  
  "path-dirname@^1.0.0":
    "integrity" "sha512-ALzNPpyNq9AqXMBjeymIjFDAkAFH06mHJH/cSBHAgU0s4vfpBn6b2nf8tiRLvagKD8RbTpq2FKTBg7cl9l3c7Q=="
    "resolved" "https://registry.npmjs.org/path-dirname/-/path-dirname-1.0.2.tgz"
    "version" "1.0.2"
  
  "path-is-absolute@^1.0.0":
    "integrity" "sha512-AVbw3UJ2e9bq64vSaS9Am0fje1Pa8pbGqTTsmXfaIiMpnr5DlDhfJOuLj9Sf95ZPVDAUerDfEk88MPmPe7UCQg=="
    "resolved" "https://registry.npmjs.org/path-is-absolute/-/path-is-absolute-1.0.1.tgz"
    "version" "1.0.1"
  
  "pause-stream@0.0.11":
    "integrity" "sha512-e3FBlXLmN/D1S+zHzanP4E/4Z60oFAa3O051qt1pxa7DEJWKAyil6upYVXCWadEnuoqa4Pkc9oUx9zsxYeRv8A=="
    "resolved" "https://registry.npmjs.org/pause-stream/-/pause-stream-0.0.11.tgz"
    "version" "0.0.11"
    dependencies:
      "through" "~2.3"
  
  "picomatch@^2.0.4", "picomatch@^2.2.1":
    "integrity" "sha512-JU3teHTNjmE2VCGFzuY8EXzCDVwEqB2a8fsIvwaStHhAWJEeVd1o1QD80CU6+ZdEXXSLbSsuLwJjkCBWqRQUVA=="
    "resolved" "https://registry.npmjs.org/picomatch/-/picomatch-2.3.1.tgz"
    "version" "2.3.1"
  
  "posix-character-classes@^0.1.0":
    "integrity" "sha512-xTgYBc3fuo7Yt7JbiuFxSYGToMoz8fLoE6TC9Wx1P/u+LfeThMOAqmuyECnlBaaJb+u1m9hHiXUEtwW4OzfUJg=="
    "resolved" "https://registry.npmjs.org/posix-character-classes/-/posix-character-classes-0.1.1.tgz"
    "version" "0.1.1"
  
  "process-nextick-args@~2.0.0":
    "integrity" "sha512-3ouUOpQhtgrbOa17J7+uxOTpITYWaGP7/AhoR3+A+/1e9skrzelGi/dXzEYyvbxubEF6Wn2ypscTKiKJFFn1ag=="
    "resolved" "https://registry.npmjs.org/process-nextick-args/-/process-nextick-args-2.0.1.tgz"
    "version" "2.0.1"
  
  "proto-list@~1.2.1":
    "integrity" "sha512-vtK/94akxsTMhe0/cbfpR+syPuszcuwhqVjJq26CuNDgFGj682oRBXOP5MJpv2r7JtE8MsiepGIqvvOTBwn2vA=="
    "resolved" "https://registry.npmjs.org/proto-list/-/proto-list-1.2.4.tgz"
    "version" "1.2.4"
  
  "proxy-middleware@latest":
    "integrity" "sha512-EGCG8SeoIRVMhsqHQUdDigB2i7qU7fCsWASwn54+nPutYO8n4q6EiwMzyfWlC+dzRFExP+kvcnDFdBDHoZBU7Q=="
    "resolved" "https://registry.npmjs.org/proxy-middleware/-/proxy-middleware-0.15.0.tgz"
    "version" "0.15.0"
  
  "pseudomap@^1.0.2":
    "integrity" "sha512-b/YwNhb8lk1Zz2+bXXpS/LK9OisiZZ1SNsSLxN1x2OXVEhW2Ckr/7mWE5vrC1ZTiJlD9g19jWszTmJsB+oEpFQ=="
    "resolved" "https://registry.npmjs.org/pseudomap/-/pseudomap-1.0.2.tgz"
    "version" "1.0.2"
  
  "range-parser@~1.2.1":
    "integrity" "sha512-Hrgsx+orqoygnmhFbKaHE6c296J+HTAQXoxEF6gNupROmmGJRoyzfG3ccAveqCBrwr/2yxQ5BVd/GTl5agOwSg=="
    "resolved" "https://registry.npmjs.org/range-parser/-/range-parser-1.2.1.tgz"
    "version" "1.2.1"
  
  "readable-stream@^2.0.2":
    "integrity" "sha512-Ebho8K4jIbHAxnuxi7o42OrZgF/ZTNcsZj6nRKyUmkhLFq8CHItp/fy6hQZuZmP/n3yZ9VBUbp4zz/mX8hmYPw=="
    "resolved" "https://registry.npmjs.org/readable-stream/-/readable-stream-2.3.7.tgz"
    "version" "2.3.7"
    dependencies:
      "core-util-is" "~1.0.0"
      "inherits" "~2.0.3"
      "isarray" "~1.0.0"
      "process-nextick-args" "~2.0.0"
      "safe-buffer" "~5.1.1"
      "string_decoder" "~1.1.1"
      "util-deprecate" "~1.0.1"
  
  "readdirp@^2.2.1":
    "integrity" "sha512-1JU/8q+VgFZyxwrJ+SVIOsh+KywWGpds3NTqikiKpDMZWScmAYyKIgqkO+ARvNWJfXeXR1zxz7aHF4u4CyH6vQ=="
    "resolved" "https://registry.npmjs.org/readdirp/-/readdirp-2.2.1.tgz"
    "version" "2.2.1"
    dependencies:
      "graceful-fs" "^4.1.11"
      "micromatch" "^3.1.10"
      "readable-stream" "^2.0.2"
  
  "readdirp@~3.6.0":
    "integrity" "sha512-hOS089on8RduqdbhvQ5Z37A0ESjsqz6qnRcffsMU3495FuTdqSm+7bhJ29JvIOsBDEEnan5DPu9t3To9VRlMzA=="
    "resolved" "https://registry.npmjs.org/readdirp/-/readdirp-3.6.0.tgz"
    "version" "3.6.0"
    dependencies:
      "picomatch" "^2.2.1"
  
  "regenerator-runtime@^0.13.4":
    "integrity" "sha512-p3VT+cOEgxFsRRA9X4lkI1E+k2/CtnKtU4gcxyaCUreilL/vqI6CdZ3wxVUx3UOUg+gnUOQQcRI7BmSI656MYA=="
    "resolved" "https://registry.npmjs.org/regenerator-runtime/-/regenerator-runtime-0.13.9.tgz"
    "version" "0.13.9"
  
  "regex-not@^1.0.0", "regex-not@^1.0.2":
    "integrity" "sha512-J6SDjUgDxQj5NusnOtdFxDwN/+HWykR8GELwctJ7mdqhcyy1xEc4SRFHUXvxTp661YaVKAjfRLZ9cCqS6tn32A=="
    "resolved" "https://registry.npmjs.org/regex-not/-/regex-not-1.0.2.tgz"
    "version" "1.0.2"
    dependencies:
      "extend-shallow" "^3.0.2"
      "safe-regex" "^1.1.0"
  
  "relateurl@^0.2.7":
    "integrity" "sha512-G08Dxvm4iDN3MLM0EsP62EDV9IuhXPR6blNz6Utcp7zyV3tr4HVNINt6MpaRWbxoOHT3Q7YN2P+jaHX8vUbgog=="
    "resolved" "https://registry.npmjs.org/relateurl/-/relateurl-0.2.7.tgz"
    "version" "0.2.7"
  
  "remove-trailing-separator@^1.0.1":
    "integrity" "sha512-/hS+Y0u3aOfIETiaiirUFwDBDzmXPvO+jAfKTitUngIPzdKc6Z0LoFjM/CK5PL4C+eKwHohlHAb6H0VFfmmUsw=="
    "resolved" "https://registry.npmjs.org/remove-trailing-separator/-/remove-trailing-separator-1.1.0.tgz"
    "version" "1.1.0"
  
  "repeat-element@^1.1.2":
    "integrity" "sha512-LFiNfRcSu7KK3evMyYOuCzv3L10TW7yC1G2/+StMjK8Y6Vqd2MG7r/Qjw4ghtuCOjFvlnms/iMmLqpvW/ES/WQ=="
    "resolved" "https://registry.npmjs.org/repeat-element/-/repeat-element-1.1.4.tgz"
    "version" "1.1.4"
  
  "repeat-string@^1.6.1":
    "integrity" "sha512-PV0dzCYDNfRi1jCDbJzpW7jNNDRuCOG/jI5ctQcGKt/clZD+YcPS3yIlWuTJMmESC8aevCFmWJy5wjAFgNqN6w=="
    "resolved" "https://registry.npmjs.org/repeat-string/-/repeat-string-1.6.1.tgz"
    "version" "1.6.1"
  
  "require-directory@^2.1.1":
    "integrity" "sha512-fGxEI7+wsG9xrvdjsrlmL22OMTTiHRwAMroiEeMgq8gzoLC/PQr7RsRDSTLUg/bZAZtF+TVIkHc6/4RIKrui+Q=="
    "resolved" "https://registry.npmjs.org/require-directory/-/require-directory-2.1.1.tgz"
    "version" "2.1.1"
  
  "resolve-url@^0.2.1":
    "integrity" "sha512-ZuF55hVUQaaczgOIwqWzkEcEidmlD/xl44x1UZnhOXcYuFN2S6+rcxpG+C1N3So0wvNI3DmJICUFfu2SxhBmvg=="
    "resolved" "https://registry.npmjs.org/resolve-url/-/resolve-url-0.2.1.tgz"
    "version" "0.2.1"
  
  "ret@~0.1.10":
    "integrity" "sha512-TTlYpa+OL+vMMNG24xSlQGEJ3B/RzEfUlLct7b5G/ytav+wPrplCpVMFuwzXbkecJrb6IYo1iFb0S9v37754mg=="
    "resolved" "https://registry.npmjs.org/ret/-/ret-0.1.15.tgz"
    "version" "0.1.15"
  
  "rxjs@^6.6.3":
    "integrity" "sha512-hTdwr+7yYNIT5n4AMYp85KA6yw2Va0FLa3Rguvbpa4W3I5xynaBZo41cM3XM+4Q6fRMj3sBYIR1VAmZMXYJvRQ=="
    "resolved" "https://registry.npmjs.org/rxjs/-/rxjs-6.6.7.tgz"
    "version" "6.6.7"
    dependencies:
      "tslib" "^1.9.0"
  
  "safe-buffer@>=5.1.0", "safe-buffer@~5.1.0", "safe-buffer@~5.1.1", "safe-buffer@5.1.2":
    "integrity" "sha512-Gd2UZBJDkXlY7GbJxfsE8/nvKkUEU1G38c1siN6QP6a9PT9MmHB8GnpscSmMJSoF8LOIrt8ud/wPtojys4G6+g=="
    "resolved" "https://registry.npmjs.org/safe-buffer/-/safe-buffer-5.1.2.tgz"
    "version" "5.1.2"
  
  "safe-regex@^1.1.0":
    "integrity" "sha1-QKNmnzsHfR6UPURinhV91IAjvy4= sha512-aJXcif4xnaNUzvUuC5gcb46oTS7zvg4jpMTnuqtrEPlR3vFr4pxtdTwaF1Qs3Enjn9HK+ZlwQui+a7z0SywIzg=="
    "resolved" "https://registry.npmjs.org/safe-regex/-/safe-regex-1.1.0.tgz"
    "version" "1.1.0"
    dependencies:
      "ret" "~0.1.10"
  
  "semver@^5.6.0":
    "integrity" "sha512-sauaDf/PZdVgrLTNYHRtpXa1iRiKcaebiKQ1BJdpQlWH2lCvexQdX55snPFyK7QzpudqbCI0qXFfOasHdyNDGQ=="
    "resolved" "https://registry.npmjs.org/semver/-/semver-5.7.1.tgz"
    "version" "5.7.1"
  
  "send@latest":
    "integrity" "sha512-qqWzuOjSFOuqPjFe4NOsMLafToQQwBSOEpS+FwEt3A2V3vKubTquT3vmLTQpFgMXp8AlFWFuP1qKaJZOtPpVXg=="
    "resolved" "https://registry.npmjs.org/send/-/send-0.18.0.tgz"
    "version" "0.18.0"
    dependencies:
      "debug" "2.6.9"
      "depd" "2.0.0"
      "destroy" "1.2.0"
      "encodeurl" "~1.0.2"
      "escape-html" "~1.0.3"
      "etag" "~1.8.1"
      "fresh" "0.5.2"
      "http-errors" "2.0.0"
      "mime" "1.6.0"
      "ms" "2.1.3"
      "on-finished" "2.4.1"
      "range-parser" "~1.2.1"
      "statuses" "2.0.1"
  
  "serve-index@^1.9.1":
    "integrity" "sha1-03aNabHn2C5c4FD/9bRTvqEqkjk= sha512-pXHfKNP4qujrtteMrSBb0rc8HJ9Ms/GrXwcUtUtD5s4ewDJI8bT3Cz2zTVRMKtri49pLx2e0Ya8ziP5Ya2pZZw=="
    "resolved" "https://registry.npmjs.org/serve-index/-/serve-index-1.9.1.tgz"
    "version" "1.9.1"
    dependencies:
      "accepts" "~1.3.4"
      "batch" "0.6.1"
      "debug" "2.6.9"
      "escape-html" "~1.0.3"
      "http-errors" "~1.6.2"
      "mime-types" "~2.1.17"
      "parseurl" "~1.3.2"
  
  "set-value@^2.0.0", "set-value@^2.0.1":
    "integrity" "sha512-JxHc1weCN68wRY0fhCoXpyK55m/XPHafOmK4UWD7m2CI14GMcFypt4w/0+NV5f/ZMby2F6S2wwA7fgynh9gWSw=="
    "resolved" "https://registry.npmjs.org/set-value/-/set-value-2.0.1.tgz"
    "version" "2.0.1"
    dependencies:
      "extend-shallow" "^2.0.1"
      "is-extendable" "^0.1.1"
      "is-plain-object" "^2.0.3"
      "split-string" "^3.0.1"
  
  "setprototypeof@1.1.0":
    "integrity" "sha512-BvE/TwpZX4FXExxOxZyRGQQv651MSwmWKZGqvmPcRIjDqWub67kTKuIMx43cZZrS/cBBzwBcNDWoFxt2XEFIpQ=="
    "resolved" "https://registry.npmjs.org/setprototypeof/-/setprototypeof-1.1.0.tgz"
    "version" "1.1.0"
  
  "setprototypeof@1.2.0":
    "integrity" "sha512-E5LDX7Wrp85Kil5bhZv46j8jOeboKq5JMmYM3gVGdGH8xFpPWXUMsNrlODCrkoxMEeNi/XZIwuRvY4XNwYMJpw=="
    "resolved" "https://registry.npmjs.org/setprototypeof/-/setprototypeof-1.2.0.tgz"
    "version" "1.2.0"
  
  "shell-quote@^1.7.3":
    "integrity" "sha512-Vpfqwm4EnqGdlsBFNmHhxhElJYrdfcxPThu+ryKS5J8L/fhAwLazFZtq+S+TWZ9ANj2piSQLGj6NQg+lKPmxrw=="
    "resolved" "https://registry.npmjs.org/shell-quote/-/shell-quote-1.7.3.tgz"
    "version" "1.7.3"
  
  "sigmund@^1.0.1":
    "integrity" "sha1-P/IfGYytIXX587eBhT/ZTQ0ZtZA= sha512-fCvEXfh6NWpm+YSuY2bpXb/VIihqWA6hLsgboC+0nl71Q7N7o2eaCW8mJa/NLvQhs6jpd3VZV4UiUQlV6+lc8g=="
    "resolved" "https://registry.npmjs.org/sigmund/-/sigmund-1.0.1.tgz"
    "version" "1.0.1"
  
  "slick@^1.12.2":
    "integrity" "sha1-vQSN23TefRymkV+qSldXCzVQwtc= sha512-4qdtOGcBjral6YIBCWJ0ljFSKNLz9KkhbWtuGvUyRowl1kxfuE1x/Z/aJcaiilpb3do9bl5K7/1h9XC5wWpY/A=="
    "resolved" "https://registry.npmjs.org/slick/-/slick-1.12.2.tgz"
    "version" "1.12.2"
  
  "snapdragon-node@^2.0.1":
    "integrity" "sha512-O27l4xaMYt/RSQ5TR3vpWCAB5Kb/czIcqUFOM/C4fYcLnbZUc1PkjTAMjof2pBWaSTwOUd6qUHcFGVGj7aIwnw=="
    "resolved" "https://registry.npmjs.org/snapdragon-node/-/snapdragon-node-2.1.1.tgz"
    "version" "2.1.1"
    dependencies:
      "define-property" "^1.0.0"
      "isobject" "^3.0.0"
      "snapdragon-util" "^3.0.1"
  
  "snapdragon-util@^3.0.1":
    "integrity" "sha512-mbKkMdQKsjX4BAL4bRYTj21edOf8cN7XHdYUJEe+Zn99hVEYcMvKPct1IqNe7+AZPirn8BCDOQBHQZknqmKlZQ=="
    "resolved" "https://registry.npmjs.org/snapdragon-util/-/snapdragon-util-3.0.1.tgz"
    "version" "3.0.1"
    dependencies:
      "kind-of" "^3.2.0"
  
  "snapdragon@^0.8.1":
    "integrity" "sha512-FtyOnWN/wCHTVXOMwvSv26d+ko5vWlIDD6zoUJ7LW8vh+ZBC8QdljveRP+crNrtBwioEUWy/4dMtbBjA4ioNlg=="
    "resolved" "https://registry.npmjs.org/snapdragon/-/snapdragon-0.8.2.tgz"
    "version" "0.8.2"
    dependencies:
      "base" "^0.11.1"
      "debug" "^2.2.0"
      "define-property" "^0.2.5"
      "extend-shallow" "^2.0.1"
      "map-cache" "^0.2.2"
      "source-map" "^0.5.6"
      "source-map-resolve" "^0.5.0"
      "use" "^3.1.0"
  
  "source-map-resolve@^0.5.0":
    "integrity" "sha512-Htz+RnsXWk5+P2slx5Jh3Q66vhQj1Cllm0zvnaY98+NFx+Dv2CF/f5O/t8x+KaNdrdIAsruNzoh/KpialbqAnw=="
    "resolved" "https://registry.npmjs.org/source-map-resolve/-/source-map-resolve-0.5.3.tgz"
    "version" "0.5.3"
    dependencies:
      "atob" "^2.1.2"
      "decode-uri-component" "^0.2.0"
      "resolve-url" "^0.2.1"
      "source-map-url" "^0.4.0"
      "urix" "^0.1.0"
  
  "source-map-url@^0.4.0":
    "integrity" "sha512-cPiFOTLUKvJFIg4SKVScy4ilPPW6rFgMgfuZJPNoDuMs3nC1HbMUycBoJw77xFIp6z1UJQJOfx6C9GMH80DiTw=="
    "resolved" "https://registry.npmjs.org/source-map-url/-/source-map-url-0.4.1.tgz"
    "version" "0.4.1"
  
  "source-map@^0.5.6":
    "integrity" "sha1-igOdLRAh0i0eoUyA2OpGi6LvP8w= sha512-LbrmJOMUSdEVxIKvdcJzQC+nQhe8FUZQTXQy6+I75skNgn3OoQ0DZA8YnFa7gp8tqtL3KPf1kmo0R5DoApeSGQ=="
    "resolved" "https://registry.npmjs.org/source-map/-/source-map-0.5.7.tgz"
    "version" "0.5.7"
  
  "source-map@~0.6.0":
    "integrity" "sha512-UjgapumWlbMhkBgzT7Ykc5YXUT46F0iKu8SGXq0bcwP5dz/h0Plj6enJqjz1Zbq2l5WaqYnrVbwWOWMyF3F47g=="
    "resolved" "https://registry.npmjs.org/source-map/-/source-map-0.6.1.tgz"
    "version" "0.6.1"
  
  "spawn-command@^0.0.2-1":
    "integrity" "sha1-YvXpRmmBwbeW3Fkpk34RycaSG9A= sha512-n98l9E2RMSJ9ON1AKisHzz7V42VDiBQGY6PB1BwRglz99wpVsSuGzQ+jOi6lFXBGVTCrRpltvjm+/XA+tpeJrg=="
    "resolved" "https://registry.npmjs.org/spawn-command/-/spawn-command-0.0.2-1.tgz"
    "version" "0.0.2-1"
  
  "split-string@^3.0.1", "split-string@^3.0.2":
    "integrity" "sha512-NzNVhJDYpwceVVii8/Hu6DKfD2G+NrQHlS/V/qgv763EYudVwEcMQNxd2lh+0VrUByXN/oJkl5grOhYWvQUYiw=="
    "resolved" "https://registry.npmjs.org/split-string/-/split-string-3.1.0.tgz"
    "version" "3.1.0"
    dependencies:
      "extend-shallow" "^3.0.0"
  
  "split@0.3":
    "integrity" "sha1-zQ7qXmOiEd//frDwkcQTPi0N0o8= sha512-wD2AeVmxXRBoX44wAycgjVpMhvbwdI2aZjCkvfNcH1YqHQvJVa1duWc73OyVGJUc05fhFaTZeQ/PYsrmyH0JVA=="
    "resolved" "https://registry.npmjs.org/split/-/split-0.3.3.tgz"
    "version" "0.3.3"
    dependencies:
      "through" "2"
  
  "static-extend@^0.1.1":
    "integrity" "sha1-YICcOcv/VTNyJv1eC1IPNB8ftcY= sha512-72E9+uLc27Mt718pMHt9VMNiAL4LMsmDbBva8mxWUCkT07fSzEGMYUCk0XWY6lp0j6RBAG4cJ3mWuZv2OE3s0g=="
    "resolved" "https://registry.npmjs.org/static-extend/-/static-extend-0.1.2.tgz"
    "version" "0.1.2"
    dependencies:
      "define-property" "^0.2.5"
      "object-copy" "^0.1.0"
  
  "statuses@>= 1.4.0 < 2", "statuses@~1.5.0":
    "integrity" "sha1-Fhx9rBd2Wf2YEfQ3cfqZOBR4Yow= sha512-OpZ3zP+jT1PI7I8nemJX4AKmAX070ZkYPVWV/AaKTJl+tXCTGyVdC1a4SL8RUQYEwk/f34ZX8UTykN68FwrqAA=="
    "resolved" "https://registry.npmjs.org/statuses/-/statuses-1.5.0.tgz"
    "version" "1.5.0"
  
  "statuses@2.0.1":
    "integrity" "sha512-RwNA9Z/7PrK06rYLIzFMlaF+l73iwpzsqRIFgbMLbTcLD6cOao82TaWefPXQvB2fOC4AjuYSEndS7N/mTCbkdQ=="
    "resolved" "https://registry.npmjs.org/statuses/-/statuses-2.0.1.tgz"
    "version" "2.0.1"
  
  "stream-combiner@~0.0.4":
    "integrity" "sha1-TV5DPBhSYd3mI8o/RMWGvPXErRQ= sha512-rT00SPnTVyRsaSz5zgSPma/aHSOic5U1prhYdRy5HS2kTZviFpmDgzilbtsJsxiroqACmayynDN/9VzIbX5DOw=="
    "resolved" "https://registry.npmjs.org/stream-combiner/-/stream-combiner-0.0.4.tgz"
    "version" "0.0.4"
    dependencies:
      "duplexer" "~0.1.1"
  
  "string_decoder@~1.1.1":
    "integrity" "sha512-n/ShnvDi6FHbbVfviro+WojiFzv+s8MPMHBczVePfUpDJLwoLT0ht1l4YwBCbi8pJAveEEdnkHyPyTP/mzRfwg=="
    "resolved" "https://registry.npmjs.org/string_decoder/-/string_decoder-1.1.1.tgz"
    "version" "1.1.1"
    dependencies:
      "safe-buffer" "~5.1.0"
  
  "string-width@^4.1.0", "string-width@^4.2.0", "string-width@^4.2.3":
    "integrity" "sha512-wKyQRQpjJ0sIp62ErSZdGsjMJWsap5oRNihHhu6G7JVO/9jIB6UyevL+tXuOqrng8j/cxKTWyWUwvSTriiZz/g=="
    "resolved" "https://registry.npmjs.org/string-width/-/string-width-4.2.3.tgz"
    "version" "4.2.3"
    dependencies:
      "emoji-regex" "^8.0.0"
      "is-fullwidth-code-point" "^3.0.0"
      "strip-ansi" "^6.0.1"
  
  "strip-ansi@^6.0.0", "strip-ansi@^6.0.1":
    "integrity" "sha512-Y38VPSHcqkFrCpFnQ9vuSXmquuv5oXOKpGeT6aGrr3o3Gc9AlVa6JBfUSOCnbxGGZF+/0ooI7KrPuUSztUdU5A=="
    "resolved" "https://registry.npmjs.org/strip-ansi/-/strip-ansi-6.0.1.tgz"
    "version" "6.0.1"
    dependencies:
      "ansi-regex" "^5.0.1"
  
  "supports-color@^7.1.0":
    "integrity" "sha512-qpCAvRl9stuOHveKsn7HncJRvv501qIacKzQlO/+Lwxc9+0q2wLyv4Dfvt80/DPn2pqOBsJdDiogXGR9+OvwRw=="
    "resolved" "https://registry.npmjs.org/supports-color/-/supports-color-7.2.0.tgz"
    "version" "7.2.0"
    dependencies:
      "has-flag" "^4.0.0"
  
  "supports-color@^8.1.0":
    "integrity" "sha512-MpUEN2OodtUzxvKQl72cUF7RQ5EiHsGvSsVG0ia9c5RbWGL2CI4C7EpPS8UTBIplnlzZiNuV56w+FuNxy3ty2Q=="
    "resolved" "https://registry.npmjs.org/supports-color/-/supports-color-8.1.1.tgz"
    "version" "8.1.1"
    dependencies:
      "has-flag" "^4.0.0"
  
  "through@~2.3", "through@~2.3.1", "through@2":
    "integrity" "sha1-DdTJ/6q8NXlgsbckEV1+Doai4fU= sha512-w89qg7PI8wAdvX60bMDP+bFoD5Dvhm9oLheFp5O4a2QF0cSBGsBX4qZmadPMvVqlLJBBci+WqGGOAPvcDeNSVg=="
    "resolved" "https://registry.npmjs.org/through/-/through-2.3.8.tgz"
    "version" "2.3.8"
  
  "to-object-path@^0.3.0":
    "integrity" "sha1-KXWIt7Dn4KwI4E5nL4XB9JmeF68= sha512-9mWHdnGRuh3onocaHzukyvCZhzvr6tiflAy/JRFXcJX0TjgfWA9pk9t8CMbzmBE4Jfw58pXbkngtBtqYxzNEyg=="
    "resolved" "https://registry.npmjs.org/to-object-path/-/to-object-path-0.3.0.tgz"
    "version" "0.3.0"
    dependencies:
      "kind-of" "^3.0.2"
  
  "to-regex-range@^2.1.0":
    "integrity" "sha1-fIDBe53+vlmeJzZ+DU3VWQFB2zg= sha512-ZZWNfCjUokXXDGXFpZehJIkZqq91BcULFq/Pi7M5i4JnxXdhMKAK682z8bCW3o8Hj1wuuzoKcW3DfVzaP6VuNg=="
    "resolved" "https://registry.npmjs.org/to-regex-range/-/to-regex-range-2.1.1.tgz"
    "version" "2.1.1"
    dependencies:
      "is-number" "^3.0.0"
      "repeat-string" "^1.6.1"
  
  "to-regex-range@^5.0.1":
    "integrity" "sha512-65P7iz6X5yEr1cwcgvQxbbIw7Uk3gOy5dIdtZ4rDveLqhrdJP+Li/Hx6tyK0NEb+2GCyneCMJiGqrADCSNk8sQ=="
    "resolved" "https://registry.npmjs.org/to-regex-range/-/to-regex-range-5.0.1.tgz"
    "version" "5.0.1"
    dependencies:
      "is-number" "^7.0.0"
  
  "to-regex@^3.0.1", "to-regex@^3.0.2":
    "integrity" "sha512-FWtleNAtZ/Ki2qtqej2CXTOayOH9bHDQF+Q48VpWyDXjbYxA4Yz8iDB31zXOBUlOHHKidDbqGVrTUvQMPmBGBw=="
    "resolved" "https://registry.npmjs.org/to-regex/-/to-regex-3.0.2.tgz"
    "version" "3.0.2"
    dependencies:
      "define-property" "^2.0.2"
      "extend-shallow" "^3.0.2"
      "regex-not" "^1.0.2"
      "safe-regex" "^1.1.0"
  
  "toidentifier@1.0.1":
    "integrity" "sha512-o5sSPKEkg/DIQNmH43V0/uerLrpzVedkUh8tGNvaeXpfpuwjKenlSox/2O/BTlZUtEe+JG7s5YhEz608PlAHRA=="
    "resolved" "https://registry.npmjs.org/toidentifier/-/toidentifier-1.0.1.tgz"
    "version" "1.0.1"
  
  "tr46@~0.0.3":
    "integrity" "sha1-gYT9NH2snNwYWZLzpmIuFLnZq2o= sha512-N3WMsuqV66lT30CrXNbEjx4GEwlow3v6rr4mCcv6prnfwhS01rkgyFdjPNBYd9br7LpXV1+Emh01fHnq2Gdgrw=="
    "resolved" "https://registry.npmjs.org/tr46/-/tr46-0.0.3.tgz"
    "version" "0.0.3"
  
  "tree-kill@^1.2.2":
    "integrity" "sha512-L0Orpi8qGpRG//Nd+H90vFB+3iHnue1zSSGmNOOCh1GLJ7rUKVwV2HvijphGQS2UmhUZewS9VgvxYIdgr+fG1A=="
    "resolved" "https://registry.npmjs.org/tree-kill/-/tree-kill-1.2.2.tgz"
    "version" "1.2.2"
  
  "tslib@^1.9.0":
    "integrity" "sha512-Xni35NKzjgMrwevysHTCArtLDpPvye8zV/0E4EyYn43P7/7qvQwPh9BGkHewbMulVntbigmcT7rdX3BNo9wRJg=="
    "resolved" "https://registry.npmjs.org/tslib/-/tslib-1.14.1.tgz"
    "version" "1.14.1"
  
  "tslib@^2.2.0":
    "integrity" "sha512-d6xOpEDfsi2CZVlPQzGeux8XMwLT9hssAsaPYExaQMuYskwb+x1x7J371tWlbBdWHroy99KnVB6qIkUbs5X3UQ=="
    "resolved" "https://registry.npmjs.org/tslib/-/tslib-2.4.0.tgz"
    "version" "2.4.0"
  
  "uglify-js@^3.5.1":
    "integrity" "sha512-FEikl6bR30n0T3amyBh3LoiBdqHRy/f4H80+My34HOesOKyHfOsxAPAxOoqC0JUnC1amnO0IwkYC3sko51caSw=="
    "resolved" "https://registry.npmjs.org/uglify-js/-/uglify-js-3.16.0.tgz"
    "version" "3.16.0"
  
  "union-value@^1.0.0":
    "integrity" "sha512-tJfXmxMeWYnczCVs7XAEvIV7ieppALdyepWMkHkwciRpZraG/xwT+s2JN8+pr1+8jCRf80FFzvr+MpQeeoF4Xg=="
    "resolved" "https://registry.npmjs.org/union-value/-/union-value-1.0.1.tgz"
    "version" "1.0.1"
    dependencies:
      "arr-union" "^3.1.0"
      "get-value" "^2.0.6"
      "is-extendable" "^0.1.1"
      "set-value" "^2.0.1"
  
  "unix-crypt-td-js@^1.1.4":
    "integrity" "sha512-8rMeVYWSIyccIJscb9NdCfZKSRBKYTeVnwmiRYT2ulE3qd1RaDQ0xQDP+rI3ccIWbhu/zuo5cgN8z73belNZgw=="
    "resolved" "https://registry.npmjs.org/unix-crypt-td-js/-/unix-crypt-td-js-1.1.4.tgz"
    "version" "1.1.4"
  
  "unpipe@~1.0.0":
    "integrity" "sha1-sr9O6FFKrmFltIF4KdIbLvSZBOw= sha512-pjy2bYhSsufwWlKwPc+l3cN7+wuJlK6uz0YdJEOlQDbl6jo/YlPi4mb8agUkVC8BF7V8NuzeyPNqRksA3hztKQ=="
    "resolved" "https://registry.npmjs.org/unpipe/-/unpipe-1.0.0.tgz"
    "version" "1.0.0"
  
  "unset-value@^1.0.0":
    "integrity" "sha1-g3aHP30jNRef+x5vw6jtDfyKtVk= sha512-PcA2tsuGSF9cnySLHTLSh2qrQiJ70mn+r+Glzxv2TWZblxsxCC52BDlZoPCsz7STd9pN7EZetkWZBAvk4cgZdQ=="
    "resolved" "https://registry.npmjs.org/unset-value/-/unset-value-1.0.0.tgz"
    "version" "1.0.0"
    dependencies:
      "has-value" "^0.3.1"
      "isobject" "^3.0.0"
  
  "upath@^1.1.1":
    "integrity" "sha512-aZwGpamFO61g3OlfT7OQCHqhGnW43ieH9WZeP7QxN/G/jS4jfqUkZxoryvJgVPEcrl5NL/ggHsSmLMHuH64Lhg=="
    "resolved" "https://registry.npmjs.org/upath/-/upath-1.2.0.tgz"
    "version" "1.2.0"
  
  "upper-case@^1.1.1":
    "integrity" "sha1-9rRQHC7EzdJrp4vnIilh3ndiFZg= sha512-WRbjgmYzgXkCV7zNVpy5YgrHgbBv126rMALQQMrmzOVC4GM2waQ9x7xtm8VU+1yF2kWyPzI9zbZ48n4vSxwfSA=="
    "resolved" "https://registry.npmjs.org/upper-case/-/upper-case-1.1.3.tgz"
    "version" "1.1.3"
  
  "urix@^0.1.0":
    "integrity" "sha1-2pN/emLiH+wf0Y1Js1wpNQZ6bHI= sha512-Am1ousAhSLBeB9cG/7k7r2R0zj50uDRlZHPGbazid5s9rlF1F/QKYObEKSIunSjIOkJZqwRRLpvewjEkM7pSqg=="
    "resolved" "https://registry.npmjs.org/urix/-/urix-0.1.0.tgz"
    "version" "0.1.0"
  
  "use@^3.1.0":
    "integrity" "sha512-cwESVXlO3url9YWlFW/TA9cshCEhtu7IKJ/p5soJ/gGpj7vbvFrAY/eIioQ6Dw23KjZhYgiIo8HOs1nQ2vr/oQ=="
    "resolved" "https://registry.npmjs.org/use/-/use-3.1.1.tgz"
    "version" "3.1.1"
  
  "util-deprecate@~1.0.1":
    "integrity" "sha1-RQ1Nyfpw3nMnYvvS1KKJgUGaDM8= sha512-EPD5q1uXyFxJpCrLnCc1nHnq3gOa6DZBocAIiI2TaSCA7VCJ1UJDMagCzIkXNsUYfD1daK//LTEQ8xiIbrHtcw=="
    "resolved" "https://registry.npmjs.org/util-deprecate/-/util-deprecate-1.0.2.tgz"
    "version" "1.0.2"
  
  "utils-merge@1.0.1":
    "integrity" "sha1-n5VxD1CiZ5R7LMwSR0HBAoQn5xM= sha512-pMZTvIkT1d+TFGvDOqodOclx0QWkkgi6Tdoa8gC8ffGAAqz9pzPTZWAybbsHHoED/ztMtkv/VoYTYyShUn81hA=="
    "resolved" "https://registry.npmjs.org/utils-merge/-/utils-merge-1.0.1.tgz"
    "version" "1.0.1"
  
  "uuid@^3.0.0":
    "integrity" "sha512-HjSDRw6gZE5JMggctHBcjVak08+KEVhSIiDzFnT9S9aegmp85S/bReBVTb4QTFaRNptJ9kuYaNhnbNEOkbKb/A=="
    "resolved" "https://registry.npmjs.org/uuid/-/uuid-3.4.0.tgz"
    "version" "3.4.0"
  
  "valid-data-url@^3.0.0":
    "integrity" "sha512-jOWVmzVceKlVVdwjNSenT4PbGghU0SBIizAev8ofZVgivk/TVHXSbNL8LP6M3spZvkR9/QolkyJavGSX5Cs0UA=="
    "resolved" "https://registry.npmjs.org/valid-data-url/-/valid-data-url-3.0.1.tgz"
    "version" "3.0.1"
  
  "vary@^1":
    "integrity" "sha1-IpnwLG3tMNSllhsLn3RSShj2NPw= sha512-BNGbWLfd0eUPabhkXUVm0j8uuvREyTh5ovRa/dyow/BqAbZJyC+5fU+IzQOzmAKzYqYRAISoRhdQr3eIZ/PXqg=="
    "resolved" "https://registry.npmjs.org/vary/-/vary-1.1.2.tgz"
    "version" "1.1.2"
  
  "web-resource-inliner@^5.0.0":
    "integrity" "sha512-AIihwH+ZmdHfkJm7BjSXiEClVt4zUFqX4YlFAzjL13wLtDuUneSaFvDBTbdYRecs35SiU7iNKbMnN+++wVfb6A=="
    "resolved" "https://registry.npmjs.org/web-resource-inliner/-/web-resource-inliner-5.0.0.tgz"
    "version" "5.0.0"
    dependencies:
      "ansi-colors" "^4.1.1"
      "escape-goat" "^3.0.0"
      "htmlparser2" "^4.0.0"
      "mime" "^2.4.6"
      "node-fetch" "^2.6.0"
      "valid-data-url" "^3.0.0"
  
  "webidl-conversions@^3.0.0":
    "integrity" "sha1-JFNCdeKnvGvnvIZhHMFq4KVlSHE= sha512-2JAn3z8AR6rjK8Sm8orRC0h/bcl/DqL7tRPdGZ4I1CjdF+EaMLmYxBHyXuKL849eucPFhvBoxMsflfOb8kxaeQ=="
    "resolved" "https://registry.npmjs.org/webidl-conversions/-/webidl-conversions-3.0.1.tgz"
    "version" "3.0.1"
  
  "websocket-driver@>=0.5.1":
    "integrity" "sha512-b17KeDIQVjvb0ssuSDF2cYXSg2iztliJ4B9WdsuB6J952qCPKmnVq4DyW5motImXHDC1cBT/1UezrJVsKw5zjg=="
    "resolved" "https://registry.npmjs.org/websocket-driver/-/websocket-driver-0.7.4.tgz"
    "version" "0.7.4"
    dependencies:
      "http-parser-js" ">=0.5.1"
      "safe-buffer" ">=5.1.0"
      "websocket-extensions" ">=0.1.1"
  
  "websocket-extensions@>=0.1.1":
    "integrity" "sha512-OqedPIGOfsDlo31UNwYbCFMSaO9m9G/0faIHj5/dZFDMFqPTcx6UwqyOy3COEaEOg/9VsGIpdqn62W5KhoKSpg=="
    "resolved" "https://registry.npmjs.org/websocket-extensions/-/websocket-extensions-0.1.4.tgz"
    "version" "0.1.4"
  
  "whatwg-url@^5.0.0":
    "integrity" "sha1-lmRU6HZUYuN2RNNib2dCzotwll0= sha512-saE57nupxk6v3HY35+jzBwYa0rKSy0XR8JSxZPwgLr7ys0IBzhGviA1/TUGJLmSVqs8pb9AnvICXEuOHLprYTw=="
    "resolved" "https://registry.npmjs.org/whatwg-url/-/whatwg-url-5.0.0.tgz"
    "version" "5.0.0"
    dependencies:
      "tr46" "~0.0.3"
      "webidl-conversions" "^3.0.0"
  
  "wrap-ansi@^7.0.0":
    "integrity" "sha512-YVGIj2kamLSTxw6NsZjoBxfSwsn0ycdesmc4p+Q21c5zPuZ1pl+NfxVdxPtdHvmNVOQ6XSYG4AUtyt/Fi7D16Q=="
    "resolved" "https://registry.npmjs.org/wrap-ansi/-/wrap-ansi-7.0.0.tgz"
    "version" "7.0.0"
    dependencies:
      "ansi-styles" "^4.0.0"
      "string-width" "^4.1.0"
      "strip-ansi" "^6.0.0"
  
  "wrappy@1":
    "integrity" "sha1-tSQ9jz7BqjXxNkYFvA0QNuMKtp8= sha512-l4Sp/DRseor9wL6EvV2+TuQn63dMkPjZ/sp9XkghTEbV9KlPS1xUsZ3u7/IQO4wxtcFB4bgpQPRcR3QCvezPcQ=="
    "resolved" "https://registry.npmjs.org/wrappy/-/wrappy-1.0.2.tgz"
    "version" "1.0.2"
  
  "y18n@^5.0.5":
    "integrity" "sha512-0pfFzegeDWJHJIAmTLRP2DwHjdF5s7jo9tuztdQxAhINCdvS+3nGINqPd00AphqJR/0LhANUS6/+7SCb98YOfA=="
    "resolved" "https://registry.npmjs.org/y18n/-/y18n-5.0.8.tgz"
    "version" "5.0.8"
  
  "yallist@^2.1.2":
    "integrity" "sha1-HBH5IY8HYImkfdUS+TxmmaaoHVI= sha512-ncTzHV7NvsQZkYe1DW7cbDLm0YpzHmZF5r/iyP3ZnQtMiJ+pjzisCiMNI+Sj+xQF5pXhSHxSB3uDbsBTzY/c2A=="
    "resolved" "https://registry.npmjs.org/yallist/-/yallist-2.1.2.tgz"
    "version" "2.1.2"
  
  "yargs-parser@^20.2.2":
    "integrity" "sha512-y11nGElTIV+CT3Zv9t7VKl+Q3hTQoT9a1Qzezhhl6Rp21gJ/IVTW7Z3y9EWXhuUBC2Shnf+DX0antecpAwSP8w=="
    "resolved" "https://registry.npmjs.org/yargs-parser/-/yargs-parser-20.2.9.tgz"
    "version" "20.2.9"
  
  "yargs-parser@^21.0.0":
    "integrity" "sha512-9BK1jFpLzJROCI5TzwZL/TU4gqjK5xiHV/RfWLOahrjAko/e4DJkRDZQXfvqAsiZzzYhgAzbgz6lg48jcm4GLg=="
    "resolved" "https://registry.npmjs.org/yargs-parser/-/yargs-parser-21.0.1.tgz"
    "version" "21.0.1"
  
  "yargs@^16.1.0":
    "integrity" "sha512-D1mvvtDG0L5ft/jGWkLpG1+m0eQxOfaBvTNELraWj22wSVUMWxZUvYgJYcKh6jGGIkJFhH4IZPQhR4TKpc8mBw=="
    "resolved" "https://registry.npmjs.org/yargs/-/yargs-16.2.0.tgz"
    "version" "16.2.0"
    dependencies:
      "cliui" "^7.0.2"
      "escalade" "^3.1.1"
      "get-caller-file" "^2.0.5"
      "require-directory" "^2.1.1"
      "string-width" "^4.2.0"
      "y18n" "^5.0.5"
      "yargs-parser" "^20.2.2"
  
  "yargs@^17.3.1":
    "integrity" "sha512-t6YAJcxDkNX7NFYiVtKvWUz8l+PaKTLiL63mJYWR2GnHq2gjEWISzsLp9wg3aY36dY1j+gfIEL3pIF+XlJJfbA=="
    "resolved" "https://registry.npmjs.org/yargs/-/yargs-17.5.1.tgz"
    "version" "17.5.1"
    dependencies:
      "cliui" "^7.0.2"
      "escalade" "^3.1.1"
      "get-caller-file" "^2.0.5"
      "require-directory" "^2.1.1"
      "string-width" "^4.2.3"
      "y18n" "^5.0.5"
      "yargs-parser" "^21.0.0"
